1     0000              MODULE dma_c
2     0000              LINE 0, "src/dma.c"
0     0000              
1     0000              ;--------------------------------------------------------
2     0000              ; File Created by SDCC : free open source ANSI-C Compiler
3     0000              ; Version 3.9.1 #11310 (MINGW64)
4     0000              ;--------------------------------------------------------
5     0000              ; Processed by Z88DK
6     0000              ;--------------------------------------------------------
7     0000              
8     0000              	EXTERN __divschar
9     0000              	EXTERN __divschar_callee
10    0000              	EXTERN __divsint
11    0000              	EXTERN __divsint_callee
12    0000              	EXTERN __divslong
13    0000              	EXTERN __divslong_callee
14    0000              	EXTERN __divslonglong
15    0000              	EXTERN __divslonglong_callee
16    0000              	EXTERN __divsuchar
17    0000              	EXTERN __divsuchar_callee
18    0000              	EXTERN __divuchar
19    0000              	EXTERN __divuchar_callee
20    0000              	EXTERN __divuint
21    0000              	EXTERN __divuint_callee
22    0000              	EXTERN __divulong
23    0000              	EXTERN __divulong_callee
24    0000              	EXTERN __divulonglong
25    0000              	EXTERN __divulonglong_callee
26    0000              	EXTERN __divuschar
27    0000              	EXTERN __divuschar_callee
28    0000              	EXTERN __modschar
29    0000              	EXTERN __modschar_callee
30    0000              	EXTERN __modsint
31    0000              	EXTERN __modsint_callee
32    0000              	EXTERN __modslong
33    0000              	EXTERN __modslong_callee
34    0000              	EXTERN __modslonglong
35    0000              	EXTERN __modslonglong_callee
36    0000              	EXTERN __modsuchar
37    0000              	EXTERN __modsuchar_callee
38    0000              	EXTERN __moduchar
39    0000              	EXTERN __moduchar_callee
40    0000              	EXTERN __moduint
41    0000              	EXTERN __moduint_callee
42    0000              	EXTERN __modulong
43    0000              	EXTERN __modulong_callee
44    0000              	EXTERN __modulonglong
45    0000              	EXTERN __modulonglong_callee
46    0000              	EXTERN __moduschar
47    0000              	EXTERN __moduschar_callee
48    0000              	EXTERN __mulint
49    0000              	EXTERN __mulint_callee
50    0000              	EXTERN __mullong
51    0000              	EXTERN __mullong_callee
52    0000              	EXTERN __mullonglong
53    0000              	EXTERN __mullonglong_callee
54    0000              	EXTERN __mulschar
55    0000              	EXTERN __mulschar_callee
56    0000              	EXTERN __mulsuchar
57    0000              	EXTERN __mulsuchar_callee
58    0000              	EXTERN __muluschar
59    0000              	EXTERN __muluschar_callee
60    0000              	EXTERN __rlslonglong
61    0000              	EXTERN __rlslonglong_callee
62    0000              	EXTERN __rlulonglong
63    0000              	EXTERN __rlulonglong_callee
64    0000              	EXTERN __rrslonglong
65    0000              	EXTERN __rrslonglong_callee
66    0000              	EXTERN __rrulonglong
67    0000              	EXTERN __rrulonglong_callee
68    0000              	EXTERN ___sdcc_call_hl
69    0000              	EXTERN ___sdcc_call_iy
70    0000              	EXTERN ___sdcc_enter_ix
71    0000              	EXTERN _banked_call
72    0000              	EXTERN _banked_ret
73    0000              	EXTERN ___fs2schar
74    0000              	EXTERN ___fs2schar_callee
75    0000              	EXTERN ___fs2sint
76    0000              	EXTERN ___fs2sint_callee
77    0000              	EXTERN ___fs2slong
78    0000              	EXTERN ___fs2slong_callee
79    0000              	EXTERN ___fs2slonglong
80    0000              	EXTERN ___fs2slonglong_callee
81    0000              	EXTERN ___fs2uchar
82    0000              	EXTERN ___fs2uchar_callee
83    0000              	EXTERN ___fs2uint
84    0000              	EXTERN ___fs2uint_callee
85    0000              	EXTERN ___fs2ulong
86    0000              	EXTERN ___fs2ulong_callee
87    0000              	EXTERN ___fs2ulonglong
88    0000              	EXTERN ___fs2ulonglong_callee
89    0000              	EXTERN ___fsadd
90    0000              	EXTERN ___fsadd_callee
91    0000              	EXTERN ___fsdiv
92    0000              	EXTERN ___fsdiv_callee
93    0000              	EXTERN ___fseq
94    0000              	EXTERN ___fseq_callee
95    0000              	EXTERN ___fsgt
96    0000              	EXTERN ___fsgt_callee
97    0000              	EXTERN ___fslt
98    0000              	EXTERN ___fslt_callee
99    0000              	EXTERN ___fsmul
100   0000              	EXTERN ___fsmul_callee
101   0000              	EXTERN ___fsneq
102   0000              	EXTERN ___fsneq_callee
103   0000              	EXTERN ___fssub
104   0000              	EXTERN ___fssub_callee
105   0000              	EXTERN ___schar2fs
106   0000              	EXTERN ___schar2fs_callee
107   0000              	EXTERN ___sint2fs
108   0000              	EXTERN ___sint2fs_callee
109   0000              	EXTERN ___slong2fs
110   0000              	EXTERN ___slong2fs_callee
111   0000              	EXTERN ___slonglong2fs
112   0000              	EXTERN ___slonglong2fs_callee
113   0000              	EXTERN ___uchar2fs
114   0000              	EXTERN ___uchar2fs_callee
115   0000              	EXTERN ___uint2fs
116   0000              	EXTERN ___uint2fs_callee
117   0000              	EXTERN ___ulong2fs
118   0000              	EXTERN ___ulong2fs_callee
119   0000              	EXTERN ___ulonglong2fs
120   0000              	EXTERN ___ulonglong2fs_callee
121   0000              	EXTERN ____sdcc_2_copy_src_mhl_dst_deix
122   0000              	EXTERN ____sdcc_2_copy_src_mhl_dst_bcix
123   0000              	EXTERN ____sdcc_4_copy_src_mhl_dst_deix
124   0000              	EXTERN ____sdcc_4_copy_src_mhl_dst_bcix
125   0000              	EXTERN ____sdcc_4_copy_src_mhl_dst_mbc
126   0000              	EXTERN ____sdcc_4_ldi_nosave_bc
127   0000              	EXTERN ____sdcc_4_ldi_save_bc
128   0000              	EXTERN ____sdcc_4_push_hlix
129   0000              	EXTERN ____sdcc_4_push_mhl
130   0000              	EXTERN ____sdcc_lib_setmem_hl
131   0000              	EXTERN ____sdcc_ll_add_de_bc_hl
132   0000              	EXTERN ____sdcc_ll_add_de_bc_hlix
133   0000              	EXTERN ____sdcc_ll_add_de_hlix_bc
134   0000              	EXTERN ____sdcc_ll_add_de_hlix_bcix
135   0000              	EXTERN ____sdcc_ll_add_deix_bc_hl
136   0000              	EXTERN ____sdcc_ll_add_deix_hlix
137   0000              	EXTERN ____sdcc_ll_add_hlix_bc_deix
138   0000              	EXTERN ____sdcc_ll_add_hlix_deix_bc
139   0000              	EXTERN ____sdcc_ll_add_hlix_deix_bcix
140   0000              	EXTERN ____sdcc_ll_asr_hlix_a
141   0000              	EXTERN ____sdcc_ll_asr_mbc_a
142   0000              	EXTERN ____sdcc_ll_copy_src_de_dst_hlix
143   0000              	EXTERN ____sdcc_ll_copy_src_de_dst_hlsp
144   0000              	EXTERN ____sdcc_ll_copy_src_deix_dst_hl
145   0000              	EXTERN ____sdcc_ll_copy_src_deix_dst_hlix
146   0000              	EXTERN ____sdcc_ll_copy_src_deixm_dst_hlsp
147   0000              	EXTERN ____sdcc_ll_copy_src_desp_dst_hlsp
148   0000              	EXTERN ____sdcc_ll_copy_src_hl_dst_de
149   0000              	EXTERN ____sdcc_ll_copy_src_hlsp_dst_de
150   0000              	EXTERN ____sdcc_ll_copy_src_hlsp_dst_deixm
151   0000              	EXTERN ____sdcc_ll_lsl_hlix_a
152   0000              	EXTERN ____sdcc_ll_lsl_mbc_a
153   0000              	EXTERN ____sdcc_ll_lsr_hlix_a
154   0000              	EXTERN ____sdcc_ll_lsr_mbc_a
155   0000              	EXTERN ____sdcc_ll_push_hlix
156   0000              	EXTERN ____sdcc_ll_push_mhl
157   0000              	EXTERN ____sdcc_ll_sub_de_bc_hl
158   0000              	EXTERN ____sdcc_ll_sub_de_bc_hlix
159   0000              	EXTERN ____sdcc_ll_sub_de_hlix_bc
160   0000              	EXTERN ____sdcc_ll_sub_de_hlix_bcix
161   0000              	EXTERN ____sdcc_ll_sub_deix_bc_hl
162   0000              	EXTERN ____sdcc_ll_sub_deix_hlix
163   0000              	EXTERN ____sdcc_ll_sub_hlix_bc_deix
164   0000              	EXTERN ____sdcc_ll_sub_hlix_deix_bc
165   0000              	EXTERN ____sdcc_ll_sub_hlix_deix_bcix
166   0000              	EXTERN ____sdcc_load_debc_deix
167   0000              	EXTERN ____sdcc_load_dehl_deix
168   0000              	EXTERN ____sdcc_load_debc_mhl
169   0000              	EXTERN ____sdcc_load_hlde_mhl
170   0000              	EXTERN ____sdcc_store_dehl_bcix
171   0000              	EXTERN ____sdcc_store_debc_hlix
172   0000              	EXTERN ____sdcc_store_debc_mhl
173   0000              	EXTERN ____sdcc_cpu_pop_ei
174   0000              	EXTERN ____sdcc_cpu_pop_ei_jp
175   0000              	EXTERN ____sdcc_cpu_push_di
176   0000              	EXTERN ____sdcc_outi
177   0000              	EXTERN ____sdcc_outi_128
178   0000              	EXTERN ____sdcc_outi_256
179   0000              	EXTERN ____sdcc_ldi
180   0000              	EXTERN ____sdcc_ldi_128
181   0000              	EXTERN ____sdcc_ldi_256
182   0000              	EXTERN ____sdcc_4_copy_srcd_hlix_dst_deix
183   0000              	EXTERN ____sdcc_4_and_src_mbc_mhl_dst_deix
184   0000              	EXTERN ____sdcc_4_or_src_mbc_mhl_dst_deix
185   0000              	EXTERN ____sdcc_4_xor_src_mbc_mhl_dst_deix
186   0000              	EXTERN ____sdcc_4_or_src_dehl_dst_bcix
187   0000              	EXTERN ____sdcc_4_xor_src_dehl_dst_bcix
188   0000              	EXTERN ____sdcc_4_and_src_dehl_dst_bcix
189   0000              	EXTERN ____sdcc_4_xor_src_mbc_mhl_dst_debc
190   0000              	EXTERN ____sdcc_4_or_src_mbc_mhl_dst_debc
191   0000              	EXTERN ____sdcc_4_and_src_mbc_mhl_dst_debc
192   0000              	EXTERN ____sdcc_4_cpl_src_mhl_dst_debc
193   0000              	EXTERN ____sdcc_4_xor_src_debc_mhl_dst_debc
194   0000              	EXTERN ____sdcc_4_or_src_debc_mhl_dst_debc
195   0000              	EXTERN ____sdcc_4_and_src_debc_mhl_dst_debc
196   0000              	EXTERN ____sdcc_4_and_src_debc_hlix_dst_debc
197   0000              	EXTERN ____sdcc_4_or_src_debc_hlix_dst_debc
198   0000              	EXTERN ____sdcc_4_xor_src_debc_hlix_dst_debc
199   0000              
200   0000              ;--------------------------------------------------------
201   0000              ; Public variables in this module
202   0000              ;--------------------------------------------------------
203   0000              	GLOBAL _dma_init
204   0000              	GLOBAL _dma_addr_0
205   0000              	GLOBAL _dma_mode_0
206   0000              	GLOBAL _dma_enable_0
207   0000              ;--------------------------------------------------------
208   0000              ; Externals used
209   0000              ;--------------------------------------------------------
210   0000              	GLOBAL _SECTION_SIZE_BSS
211   0000              	GLOBAL _SECTION_SIZE_DATA
212   0000              	GLOBAL _SECTION_SIZE_CODE
213   0000              	GLOBAL _z180_otdmr_callee
214   0000              	GLOBAL _z180_otdmr
215   0000              	GLOBAL _z180_otimr_callee
216   0000              	GLOBAL _z180_otimr
217   0000              	GLOBAL _z180_otdr_callee
218   0000              	GLOBAL _z180_otdr
219   0000              	GLOBAL _z180_otir_callee
220   0000              	GLOBAL _z180_otir
221   0000              	GLOBAL _z180_outp_callee
222   0000              	GLOBAL _z180_outp
223   0000              	GLOBAL _z180_indr_callee
224   0000              	GLOBAL _z180_indr
225   0000              	GLOBAL _z180_inir_callee
226   0000              	GLOBAL _z180_inir
227   0000              	GLOBAL _z180_inp_fastcall
228   0000              	GLOBAL _z180_inp
229   0000              	GLOBAL _z180_set_int_state_fastcall
230   0000              	GLOBAL _z180_set_int_state
231   0000              	GLOBAL _z180_get_int_state
232   0000              	GLOBAL _z180_delay_tstate_fastcall
233   0000              	GLOBAL _z180_delay_tstate
234   0000              	GLOBAL _z180_delay_ms_fastcall
235   0000              	GLOBAL _z180_delay_ms
236   0000              	GLOBAL _im2_remove_generic_callback_callee
237   0000              	GLOBAL _im2_remove_generic_callback
238   0000              	GLOBAL _im2_prepend_generic_callback_callee
239   0000              	GLOBAL _im2_prepend_generic_callback
240   0000              	GLOBAL _im2_append_generic_callback_callee
241   0000              	GLOBAL _im2_append_generic_callback
242   0000              	GLOBAL _im2_create_generic_isr_8080_callee
243   0000              	GLOBAL _im2_create_generic_isr_8080
244   0000              	GLOBAL _im2_create_generic_isr_callee
245   0000              	GLOBAL _im2_create_generic_isr
246   0000              	GLOBAL _im2_install_isr_callee
247   0000              	GLOBAL _im2_install_isr
248   0000              	GLOBAL _im2_init_fastcall
249   0000              	GLOBAL _im2_init
250   0000              	GLOBAL __BSS_UNINITIALIZED_head
251   0000              	GLOBAL __DATA_END_tail
252   0000              	GLOBAL __CODE_END_tail
253   0000              	GLOBAL __BSS_head
254   0000              	GLOBAL __DATA_head
255   0000              	GLOBAL __CODE_head
256   0000              ;--------------------------------------------------------
257   0000              ; special function registers
258   0000              ;--------------------------------------------------------
259   0000              defc _CNTLA0	=	0x00c0
260   0000              defc _CNTLA1	=	0x00c1
261   0000              defc _CNTLB0	=	0x00c2
262   0000              defc _CNTLB1	=	0x00c3
263   0000              defc _STAT0	=	0x00c4
264   0000              defc _STAT1	=	0x00c5
265   0000              defc _TDR0	=	0x00c6
266   0000              defc _TDR1	=	0x00c7
267   0000              defc _RDR0	=	0x00c8
268   0000              defc _RDR1	=	0x00c9
269   0000              defc _ASEXT0	=	0x00d2
270   0000              defc _ASEXT1	=	0x00d3
271   0000              defc _ASTC0L	=	0x00da
272   0000              defc _ASTC0H	=	0x00db
273   0000              defc _ASTC1L	=	0x00dc
274   0000              defc _ASTC1H	=	0x00dd
275   0000              defc _CNTR	=	0x00ca
276   0000              defc _TRDR	=	0x00cb
277   0000              defc _TMDR0L	=	0x00cc
278   0000              defc _TMDR0H	=	0x00cd
279   0000              defc _RLDR0L	=	0x00ce
280   0000              defc _RLDR0H	=	0x00cf
281   0000              defc _TCR	=	0x00d0
282   0000              defc _TMDR1L	=	0x00d4
283   0000              defc _TMDR1H	=	0x00d5
284   0000              defc _RLDR1L	=	0x00d6
285   0000              defc _RLDR1H	=	0x00d7
286   0000              defc _FRC	=	0x00d8
287   0000              defc _CMR	=	0x00de
288   0000              defc _CCR	=	0x00df
289   0000              defc _SAR0L	=	0x00e0
290   0000              defc _SAR0H	=	0x00e1
291   0000              defc _SAR0B	=	0x00e2
292   0000              defc _DAR0L	=	0x00e3
293   0000              defc _DAR0H	=	0x00e4
294   0000              defc _DAR0B	=	0x00e5
295   0000              defc _BCR0L	=	0x00e6
296   0000              defc _BCR0H	=	0x00e7
297   0000              defc _MAR1L	=	0x00e8
298   0000              defc _MAR1H	=	0x00e9
299   0000              defc _MAR1B	=	0x00ea
300   0000              defc _IAR1L	=	0x00eb
301   0000              defc _IAR1H	=	0x00ec
302   0000              defc _IAR1B	=	0x00ed
303   0000              defc _BCR1L	=	0x00ee
304   0000              defc _BCR1H	=	0x00ef
305   0000              defc _DSTAT	=	0x00f0
306   0000              defc _DMODE	=	0x00f1
307   0000              defc _DCNTL	=	0x00f2
308   0000              defc _IL	=	0x00f3
309   0000              defc _ITC	=	0x00f4
310   0000              defc _RCR	=	0x00f6
311   0000              defc _CBR	=	0x00f8
312   0000              defc _BBR	=	0x00f9
313   0000              defc _CBAR	=	0x00fa
314   0000              defc _OMCR	=	0x00fe
315   0000              defc _ICR	=	0x003f
316   0000              ;--------------------------------------------------------
317   0000              ; ram data
318   0000              ;--------------------------------------------------------
319   0000              	SECTION bss_compiler
320   0000              ;--------------------------------------------------------
321   0000              ; ram data
322   0000              ;--------------------------------------------------------
323   0000              
324   0000              IF 0
325   0000              
326   0000              ; .area _INITIALIZED removed by z88dk
327   0000              
328   0000              
329   0000              ENDIF
330   0000              
331   0000              ;--------------------------------------------------------
332   0000              ; absolute external ram data
333   0000              ;--------------------------------------------------------
334   0000              	SECTION IGNORE
335   0000              ;--------------------------------------------------------
336   0000              ; global & static initialisations
337   0000              ;--------------------------------------------------------
338   0000              	SECTION code_crt_init
339   0000              ;--------------------------------------------------------
340   0000              ; Home
341   0000              ;--------------------------------------------------------
342   0000              	SECTION IGNORE
343   0000              ;--------------------------------------------------------
344   0000              ; code
345   0000              ;--------------------------------------------------------
346   0000              	SECTION code_compiler
347   0000              ;	---------------------------------
348   0000              ; Function dma_init is a stub
349   0000              ; ---------------------------------
350   0000              EXTERN l_ret
351   0000              defc _dma_init = l_ret
352   0000              	SECTION code_compiler
353   0000              ;	---------------------------------
354   0000              ; Function dma_addr_0
355   0000              ; ---------------------------------
356   0000              _dma_addr_0:
357   0000  DD E5       	push	ix
358   0002  DD 21 00 00 	ld	ix,0
359   0006  DD 39       	add	ix,sp
360   0008  DD 7E 04    	ld	a,(ix+4)
361   000B  ED 39 E0    	out0	(_SAR0L), a
362   000E  DD 4E 05    	ld	c,(ix+5)
363   0011  06 00       	ld	b,0x00
364   0013  79          	ld	a, c
365   0014  ED 39 E1    	out0	(_SAR0H), a
366   0017  DD 4E 06    	ld	c,(ix+6)
367   001A  DD 46 07    	ld	b,(ix+7)
368   001D  11 00 00    	ld	de,0x0000
369   0020  79          	ld	a, c
370   0021  E6 0F       	and	a,0x0f
371   0023  ED 39 E2    	out0	(_SAR0B), a
372   0026  DD 7E 08    	ld	a,(ix+8)
373   0029  ED 39 E3    	out0	(_DAR0L), a
374   002C  DD 4E 09    	ld	c,(ix+9)
375   002F  06 00       	ld	b,0x00
376   0031  79          	ld	a, c
377   0032  ED 39 E4    	out0	(_DAR0H), a
378   0035  DD 4E 0A    	ld	c,(ix+10)
379   0038  DD 46 0B    	ld	b,(ix+11)
380   003B  11 00 00    	ld	de,0x0000
381   003E  79          	ld	a, c
382   003F  E6 0F       	and	a,0x0f
383   0041  ED 39 E5    	out0	(_DAR0B), a
384   0044  DD 7E 0C    	ld	a,(ix+12)
385   0047  ED 39 E6    	out0	(_BCR0L), a
386   004A  DD 4E 0D    	ld	c,(ix+13)
387   004D  06 00       	ld	b,0x00
388   004F  79          	ld	a, c
389   0050  ED 39 E7    	out0	(_BCR0H), a
390   0053  21 00 00    	ld	hl,0x0000
391   0056  DD E1       	pop	ix
392   0058  C9          	ret
393   0059              	SECTION code_compiler
394   0059              ;	---------------------------------
395   0059              ; Function dma_mode_0
396   0059              ; ---------------------------------
397   0059              _dma_mode_0:
398   0059  DD E5       	push	ix
399   005B  DD 21 00 00 	ld	ix,0
400   005F  DD 39       	add	ix,sp
401   0061  DD 7E 05    	ld	a,(ix+5)
402   0064  D6 02       	sub	a,0x02
403   0066  28 07       	jr	Z,l_dma_mode_0_00105
404   0068  DD 7E 05    	ld	a,(ix+5)
405   006B  D6 03       	sub	a,0x03
406   006D  20 13       	jr	NZ,l_dma_mode_0_00102
407   006F              l_dma_mode_0_00105:
408   006F  DD 7E 04    	ld	a,(ix+4)
409   0072  D6 02       	sub	a,0x02
410   0074  28 07       	jr	Z,l_dma_mode_0_00101
411   0076  DD 7E 04    	ld	a,(ix+4)
412   0079  D6 03       	sub	a,0x03
413   007B  20 05       	jr	NZ,l_dma_mode_0_00102
414   007D              l_dma_mode_0_00101:
415   007D  21 FF FF    	ld	hl,0xffff
416   0080  18 1A       	jr	l_dma_mode_0_00106
417   0082              l_dma_mode_0_00102:
418   0082  DD 7E 05    	ld	a,(ix+5)
419   0085  87          	add	a, a
420   0086  87          	add	a, a
421   0087  87          	add	a, a
422   0088  87          	add	a, a
423   0089  4F          	ld	c, a
424   008A  DD 7E 04    	ld	a,(ix+4)
425   008D  87          	add	a, a
426   008E  87          	add	a, a
427   008F  B1          	or	a, c
428   0090  4F          	ld	c, a
429   0091  DD 7E 06    	ld	a,(ix+6)
430   0094  87          	add	a, a
431   0095  B1          	or	a, c
432   0096  ED 39 F1    	out0	(_DMODE), a
433   0099  21 00 00    	ld	hl,0x0000
434   009C              l_dma_mode_0_00106:
435   009C  DD E1       	pop	ix
436   009E  C9          	ret
437   009F              	SECTION code_compiler
438   009F              ;	---------------------------------
439   009F              ; Function dma_enable_0
440   009F              ; ---------------------------------
441   009F              _dma_enable_0:
442   009F  ED 38 F0    	in0	a, (_DSTAT)
443   00A2  E6 EF       	and	a,0xef
444   00A4  F6 40       	or	a,0x40
445   00A6  ED 39 F0    	out0	(_DSTAT), a
446   00A9  21 00 00    	ld	hl,0x0000
447   00AC  C9          	ret
448   00AD              	SECTION IGNORE
449   0000              
