1     0000              MODULE main_c
2     0000              LINE 0, "src/main.c"
0     0000              
1     0000              ;--------------------------------------------------------
2     0000              ; File Created by SDCC : free open source ANSI-C Compiler
3     0000              ; Version 3.9.1 #11310 (MINGW64)
4     0000              ;--------------------------------------------------------
5     0000              ; Processed by Z88DK
6     0000              ;--------------------------------------------------------
7     0000              
8     0000              	EXTERN __divschar
9     0000              	EXTERN __divschar_callee
10    0000              	EXTERN __divsint
11    0000              	EXTERN __divsint_callee
12    0000              	EXTERN __divslong
13    0000              	EXTERN __divslong_callee
14    0000              	EXTERN __divslonglong
15    0000              	EXTERN __divslonglong_callee
16    0000              	EXTERN __divsuchar
17    0000              	EXTERN __divsuchar_callee
18    0000              	EXTERN __divuchar
19    0000              	EXTERN __divuchar_callee
20    0000              	EXTERN __divuint
21    0000              	EXTERN __divuint_callee
22    0000              	EXTERN __divulong
23    0000              	EXTERN __divulong_callee
24    0000              	EXTERN __divulonglong
25    0000              	EXTERN __divulonglong_callee
26    0000              	EXTERN __divuschar
27    0000              	EXTERN __divuschar_callee
28    0000              	EXTERN __modschar
29    0000              	EXTERN __modschar_callee
30    0000              	EXTERN __modsint
31    0000              	EXTERN __modsint_callee
32    0000              	EXTERN __modslong
33    0000              	EXTERN __modslong_callee
34    0000              	EXTERN __modslonglong
35    0000              	EXTERN __modslonglong_callee
36    0000              	EXTERN __modsuchar
37    0000              	EXTERN __modsuchar_callee
38    0000              	EXTERN __moduchar
39    0000              	EXTERN __moduchar_callee
40    0000              	EXTERN __moduint
41    0000              	EXTERN __moduint_callee
42    0000              	EXTERN __modulong
43    0000              	EXTERN __modulong_callee
44    0000              	EXTERN __modulonglong
45    0000              	EXTERN __modulonglong_callee
46    0000              	EXTERN __moduschar
47    0000              	EXTERN __moduschar_callee
48    0000              	EXTERN __mulint
49    0000              	EXTERN __mulint_callee
50    0000              	EXTERN __mullong
51    0000              	EXTERN __mullong_callee
52    0000              	EXTERN __mullonglong
53    0000              	EXTERN __mullonglong_callee
54    0000              	EXTERN __mulschar
55    0000              	EXTERN __mulschar_callee
56    0000              	EXTERN __mulsuchar
57    0000              	EXTERN __mulsuchar_callee
58    0000              	EXTERN __muluschar
59    0000              	EXTERN __muluschar_callee
60    0000              	EXTERN __rlslonglong
61    0000              	EXTERN __rlslonglong_callee
62    0000              	EXTERN __rlulonglong
63    0000              	EXTERN __rlulonglong_callee
64    0000              	EXTERN __rrslonglong
65    0000              	EXTERN __rrslonglong_callee
66    0000              	EXTERN __rrulonglong
67    0000              	EXTERN __rrulonglong_callee
68    0000              	EXTERN ___sdcc_call_hl
69    0000              	EXTERN ___sdcc_call_iy
70    0000              	EXTERN ___sdcc_enter_ix
71    0000              	EXTERN _banked_call
72    0000              	EXTERN _banked_ret
73    0000              	EXTERN ___fs2schar
74    0000              	EXTERN ___fs2schar_callee
75    0000              	EXTERN ___fs2sint
76    0000              	EXTERN ___fs2sint_callee
77    0000              	EXTERN ___fs2slong
78    0000              	EXTERN ___fs2slong_callee
79    0000              	EXTERN ___fs2slonglong
80    0000              	EXTERN ___fs2slonglong_callee
81    0000              	EXTERN ___fs2uchar
82    0000              	EXTERN ___fs2uchar_callee
83    0000              	EXTERN ___fs2uint
84    0000              	EXTERN ___fs2uint_callee
85    0000              	EXTERN ___fs2ulong
86    0000              	EXTERN ___fs2ulong_callee
87    0000              	EXTERN ___fs2ulonglong
88    0000              	EXTERN ___fs2ulonglong_callee
89    0000              	EXTERN ___fsadd
90    0000              	EXTERN ___fsadd_callee
91    0000              	EXTERN ___fsdiv
92    0000              	EXTERN ___fsdiv_callee
93    0000              	EXTERN ___fseq
94    0000              	EXTERN ___fseq_callee
95    0000              	EXTERN ___fsgt
96    0000              	EXTERN ___fsgt_callee
97    0000              	EXTERN ___fslt
98    0000              	EXTERN ___fslt_callee
99    0000              	EXTERN ___fsmul
100   0000              	EXTERN ___fsmul_callee
101   0000              	EXTERN ___fsneq
102   0000              	EXTERN ___fsneq_callee
103   0000              	EXTERN ___fssub
104   0000              	EXTERN ___fssub_callee
105   0000              	EXTERN ___schar2fs
106   0000              	EXTERN ___schar2fs_callee
107   0000              	EXTERN ___sint2fs
108   0000              	EXTERN ___sint2fs_callee
109   0000              	EXTERN ___slong2fs
110   0000              	EXTERN ___slong2fs_callee
111   0000              	EXTERN ___slonglong2fs
112   0000              	EXTERN ___slonglong2fs_callee
113   0000              	EXTERN ___uchar2fs
114   0000              	EXTERN ___uchar2fs_callee
115   0000              	EXTERN ___uint2fs
116   0000              	EXTERN ___uint2fs_callee
117   0000              	EXTERN ___ulong2fs
118   0000              	EXTERN ___ulong2fs_callee
119   0000              	EXTERN ___ulonglong2fs
120   0000              	EXTERN ___ulonglong2fs_callee
121   0000              	EXTERN ____sdcc_2_copy_src_mhl_dst_deix
122   0000              	EXTERN ____sdcc_2_copy_src_mhl_dst_bcix
123   0000              	EXTERN ____sdcc_4_copy_src_mhl_dst_deix
124   0000              	EXTERN ____sdcc_4_copy_src_mhl_dst_bcix
125   0000              	EXTERN ____sdcc_4_copy_src_mhl_dst_mbc
126   0000              	EXTERN ____sdcc_4_ldi_nosave_bc
127   0000              	EXTERN ____sdcc_4_ldi_save_bc
128   0000              	EXTERN ____sdcc_4_push_hlix
129   0000              	EXTERN ____sdcc_4_push_mhl
130   0000              	EXTERN ____sdcc_lib_setmem_hl
131   0000              	EXTERN ____sdcc_ll_add_de_bc_hl
132   0000              	EXTERN ____sdcc_ll_add_de_bc_hlix
133   0000              	EXTERN ____sdcc_ll_add_de_hlix_bc
134   0000              	EXTERN ____sdcc_ll_add_de_hlix_bcix
135   0000              	EXTERN ____sdcc_ll_add_deix_bc_hl
136   0000              	EXTERN ____sdcc_ll_add_deix_hlix
137   0000              	EXTERN ____sdcc_ll_add_hlix_bc_deix
138   0000              	EXTERN ____sdcc_ll_add_hlix_deix_bc
139   0000              	EXTERN ____sdcc_ll_add_hlix_deix_bcix
140   0000              	EXTERN ____sdcc_ll_asr_hlix_a
141   0000              	EXTERN ____sdcc_ll_asr_mbc_a
142   0000              	EXTERN ____sdcc_ll_copy_src_de_dst_hlix
143   0000              	EXTERN ____sdcc_ll_copy_src_de_dst_hlsp
144   0000              	EXTERN ____sdcc_ll_copy_src_deix_dst_hl
145   0000              	EXTERN ____sdcc_ll_copy_src_deix_dst_hlix
146   0000              	EXTERN ____sdcc_ll_copy_src_deixm_dst_hlsp
147   0000              	EXTERN ____sdcc_ll_copy_src_desp_dst_hlsp
148   0000              	EXTERN ____sdcc_ll_copy_src_hl_dst_de
149   0000              	EXTERN ____sdcc_ll_copy_src_hlsp_dst_de
150   0000              	EXTERN ____sdcc_ll_copy_src_hlsp_dst_deixm
151   0000              	EXTERN ____sdcc_ll_lsl_hlix_a
152   0000              	EXTERN ____sdcc_ll_lsl_mbc_a
153   0000              	EXTERN ____sdcc_ll_lsr_hlix_a
154   0000              	EXTERN ____sdcc_ll_lsr_mbc_a
155   0000              	EXTERN ____sdcc_ll_push_hlix
156   0000              	EXTERN ____sdcc_ll_push_mhl
157   0000              	EXTERN ____sdcc_ll_sub_de_bc_hl
158   0000              	EXTERN ____sdcc_ll_sub_de_bc_hlix
159   0000              	EXTERN ____sdcc_ll_sub_de_hlix_bc
160   0000              	EXTERN ____sdcc_ll_sub_de_hlix_bcix
161   0000              	EXTERN ____sdcc_ll_sub_deix_bc_hl
162   0000              	EXTERN ____sdcc_ll_sub_deix_hlix
163   0000              	EXTERN ____sdcc_ll_sub_hlix_bc_deix
164   0000              	EXTERN ____sdcc_ll_sub_hlix_deix_bc
165   0000              	EXTERN ____sdcc_ll_sub_hlix_deix_bcix
166   0000              	EXTERN ____sdcc_load_debc_deix
167   0000              	EXTERN ____sdcc_load_dehl_deix
168   0000              	EXTERN ____sdcc_load_debc_mhl
169   0000              	EXTERN ____sdcc_load_hlde_mhl
170   0000              	EXTERN ____sdcc_store_dehl_bcix
171   0000              	EXTERN ____sdcc_store_debc_hlix
172   0000              	EXTERN ____sdcc_store_debc_mhl
173   0000              	EXTERN ____sdcc_cpu_pop_ei
174   0000              	EXTERN ____sdcc_cpu_pop_ei_jp
175   0000              	EXTERN ____sdcc_cpu_push_di
176   0000              	EXTERN ____sdcc_outi
177   0000              	EXTERN ____sdcc_outi_128
178   0000              	EXTERN ____sdcc_outi_256
179   0000              	EXTERN ____sdcc_ldi
180   0000              	EXTERN ____sdcc_ldi_128
181   0000              	EXTERN ____sdcc_ldi_256
182   0000              	EXTERN ____sdcc_4_copy_srcd_hlix_dst_deix
183   0000              	EXTERN ____sdcc_4_and_src_mbc_mhl_dst_deix
184   0000              	EXTERN ____sdcc_4_or_src_mbc_mhl_dst_deix
185   0000              	EXTERN ____sdcc_4_xor_src_mbc_mhl_dst_deix
186   0000              	EXTERN ____sdcc_4_or_src_dehl_dst_bcix
187   0000              	EXTERN ____sdcc_4_xor_src_dehl_dst_bcix
188   0000              	EXTERN ____sdcc_4_and_src_dehl_dst_bcix
189   0000              	EXTERN ____sdcc_4_xor_src_mbc_mhl_dst_debc
190   0000              	EXTERN ____sdcc_4_or_src_mbc_mhl_dst_debc
191   0000              	EXTERN ____sdcc_4_and_src_mbc_mhl_dst_debc
192   0000              	EXTERN ____sdcc_4_cpl_src_mhl_dst_debc
193   0000              	EXTERN ____sdcc_4_xor_src_debc_mhl_dst_debc
194   0000              	EXTERN ____sdcc_4_or_src_debc_mhl_dst_debc
195   0000              	EXTERN ____sdcc_4_and_src_debc_mhl_dst_debc
196   0000              	EXTERN ____sdcc_4_and_src_debc_hlix_dst_debc
197   0000              	EXTERN ____sdcc_4_or_src_debc_hlix_dst_debc
198   0000              	EXTERN ____sdcc_4_xor_src_debc_hlix_dst_debc
199   0000              
200   0000              ;--------------------------------------------------------
201   0000              ; Public variables in this module
202   0000              ;--------------------------------------------------------
203   0000              	GLOBAL _int_prt0
204   0000              	GLOBAL _sys_1
205   0000              	GLOBAL _sys_0
206   0000              	GLOBAL _int0
207   0000              	GLOBAL _main
208   0000              	GLOBAL __malloc_heap
209   0000              	GLOBAL _a
210   0000              	GLOBAL __malloc_block
211   0000              	GLOBAL _stack2
212   0000              	GLOBAL _loop
213   0000              ;--------------------------------------------------------
214   0000              ; Externals used
215   0000              ;--------------------------------------------------------
216   0000              	GLOBAL _realloc_unlocked_callee
217   0000              	GLOBAL _realloc_unlocked
218   0000              	GLOBAL _malloc_unlocked_fastcall
219   0000              	GLOBAL _malloc_unlocked
220   0000              	GLOBAL _free_unlocked_fastcall
221   0000              	GLOBAL _free_unlocked
222   0000              	GLOBAL _calloc_unlocked_callee
223   0000              	GLOBAL _calloc_unlocked
224   0000              	GLOBAL _aligned_alloc_unlocked_callee
225   0000              	GLOBAL _aligned_alloc_unlocked
226   0000              	GLOBAL _realloc_callee
227   0000              	GLOBAL _realloc
228   0000              	GLOBAL _malloc_fastcall
229   0000              	GLOBAL _malloc
230   0000              	GLOBAL _free_fastcall
231   0000              	GLOBAL _free
232   0000              	GLOBAL _calloc_callee
233   0000              	GLOBAL _calloc
234   0000              	GLOBAL _aligned_alloc_callee
235   0000              	GLOBAL _aligned_alloc
236   0000              	GLOBAL _posix_memalign_unlocked_callee
237   0000              	GLOBAL _posix_memalign_unlocked
238   0000              	GLOBAL _memalign_unlocked_callee
239   0000              	GLOBAL _memalign_unlocked
240   0000              	GLOBAL _heap_realloc_unlocked_callee
241   0000              	GLOBAL _heap_realloc_unlocked
242   0000              	GLOBAL _heap_info_unlocked_callee
243   0000              	GLOBAL _heap_info_unlocked
244   0000              	GLOBAL _heap_free_unlocked_callee
245   0000              	GLOBAL _heap_free_unlocked
246   0000              	GLOBAL _heap_calloc_unlocked_callee
247   0000              	GLOBAL _heap_calloc_unlocked
248   0000              	GLOBAL _heap_alloc_fixed_unlocked_callee
249   0000              	GLOBAL _heap_alloc_fixed_unlocked
250   0000              	GLOBAL _heap_alloc_aligned_unlocked_callee
251   0000              	GLOBAL _heap_alloc_aligned_unlocked
252   0000              	GLOBAL _heap_alloc_unlocked_callee
253   0000              	GLOBAL _heap_alloc_unlocked
254   0000              	GLOBAL __falloc__unlocked_callee
255   0000              	GLOBAL __falloc__unlocked
256   0000              	GLOBAL _posix_memalign_callee
257   0000              	GLOBAL _posix_memalign
258   0000              	GLOBAL _memalign_callee
259   0000              	GLOBAL _memalign
260   0000              	GLOBAL _heap_realloc_callee
261   0000              	GLOBAL _heap_realloc
262   0000              	GLOBAL _heap_init_callee
263   0000              	GLOBAL _heap_init
264   0000              	GLOBAL _heap_info_callee
265   0000              	GLOBAL _heap_info
266   0000              	GLOBAL _heap_free_callee
267   0000              	GLOBAL _heap_free
268   0000              	GLOBAL _heap_destroy_fastcall
269   0000              	GLOBAL _heap_destroy
270   0000              	GLOBAL _heap_calloc_callee
271   0000              	GLOBAL _heap_calloc
272   0000              	GLOBAL _heap_alloc_fixed_callee
273   0000              	GLOBAL _heap_alloc_fixed
274   0000              	GLOBAL _heap_alloc_aligned_callee
275   0000              	GLOBAL _heap_alloc_aligned
276   0000              	GLOBAL _heap_alloc_callee
277   0000              	GLOBAL _heap_alloc
278   0000              	GLOBAL __falloc__callee
279   0000              	GLOBAL __falloc_
280   0000              	GLOBAL _SECTION_SIZE_BSS
281   0000              	GLOBAL _SECTION_SIZE_DATA
282   0000              	GLOBAL _SECTION_SIZE_CODE
283   0000              	GLOBAL _ffsll_callee
284   0000              	GLOBAL _ffsll
285   0000              	GLOBAL _strxfrm_callee
286   0000              	GLOBAL _strxfrm
287   0000              	GLOBAL _strupr_fastcall
288   0000              	GLOBAL _strupr
289   0000              	GLOBAL _strtok_r_callee
290   0000              	GLOBAL _strtok_r
291   0000              	GLOBAL _strtok_callee
292   0000              	GLOBAL _strtok
293   0000              	GLOBAL _strstrip_fastcall
294   0000              	GLOBAL _strstrip
295   0000              	GLOBAL _strstr_callee
296   0000              	GLOBAL _strstr
297   0000              	GLOBAL _strspn_callee
298   0000              	GLOBAL _strspn
299   0000              	GLOBAL _strsep_callee
300   0000              	GLOBAL _strsep
301   0000              	GLOBAL _strrstrip_fastcall
302   0000              	GLOBAL _strrstrip
303   0000              	GLOBAL _strrstr_callee
304   0000              	GLOBAL _strrstr
305   0000              	GLOBAL _strrspn_callee
306   0000              	GLOBAL _strrspn
307   0000              	GLOBAL _strrev_fastcall
308   0000              	GLOBAL _strrev
309   0000              	GLOBAL _strrcspn_callee
310   0000              	GLOBAL _strrcspn
311   0000              	GLOBAL _strrchr_callee
312   0000              	GLOBAL _strrchr
313   0000              	GLOBAL _strpbrk_callee
314   0000              	GLOBAL _strpbrk
315   0000              	GLOBAL _strnlen_callee
316   0000              	GLOBAL _strnlen
317   0000              	GLOBAL _strnicmp_callee
318   0000              	GLOBAL _strnicmp
319   0000              	GLOBAL _strndup_callee
320   0000              	GLOBAL _strndup
321   0000              	GLOBAL _strncpy_callee
322   0000              	GLOBAL _strncpy
323   0000              	GLOBAL _strncmp_callee
324   0000              	GLOBAL _strncmp
325   0000              	GLOBAL _strnchr_callee
326   0000              	GLOBAL _strnchr
327   0000              	GLOBAL _strncat_callee
328   0000              	GLOBAL _strncat
329   0000              	GLOBAL _strncasecmp_callee
330   0000              	GLOBAL _strncasecmp
331   0000              	GLOBAL _strlwr_fastcall
332   0000              	GLOBAL _strlwr
333   0000              	GLOBAL _strlen_fastcall
334   0000              	GLOBAL _strlen
335   0000              	GLOBAL _strlcpy_callee
336   0000              	GLOBAL _strlcpy
337   0000              	GLOBAL _strlcat_callee
338   0000              	GLOBAL _strlcat
339   0000              	GLOBAL _stricmp_callee
340   0000              	GLOBAL _stricmp
341   0000              	GLOBAL _strerror_fastcall
342   0000              	GLOBAL _strerror
343   0000              	GLOBAL _strdup_fastcall
344   0000              	GLOBAL _strdup
345   0000              	GLOBAL _strcspn_callee
346   0000              	GLOBAL _strcspn
347   0000              	GLOBAL _strcpy_callee
348   0000              	GLOBAL _strcpy
349   0000              	GLOBAL _strcoll_callee
350   0000              	GLOBAL _strcoll
351   0000              	GLOBAL _strcmp_callee
352   0000              	GLOBAL _strcmp
353   0000              	GLOBAL _strchrnul_callee
354   0000              	GLOBAL _strchrnul
355   0000              	GLOBAL _strchr_callee
356   0000              	GLOBAL _strchr
357   0000              	GLOBAL _strcat_callee
358   0000              	GLOBAL _strcat
359   0000              	GLOBAL _strcasecmp_callee
360   0000              	GLOBAL _strcasecmp
361   0000              	GLOBAL _stpncpy_callee
362   0000              	GLOBAL _stpncpy
363   0000              	GLOBAL _stpcpy_callee
364   0000              	GLOBAL _stpcpy
365   0000              	GLOBAL _memswap_callee
366   0000              	GLOBAL _memswap
367   0000              	GLOBAL _memset_callee
368   0000              	GLOBAL _memset
369   0000              	GLOBAL _memrchr_callee
370   0000              	GLOBAL _memrchr
371   0000              	GLOBAL _memmove_callee
372   0000              	GLOBAL _memmove
373   0000              	GLOBAL _memmem_callee
374   0000              	GLOBAL _memmem
375   0000              	GLOBAL _memcpy_callee
376   0000              	GLOBAL _memcpy
377   0000              	GLOBAL _memcmp_callee
378   0000              	GLOBAL _memcmp
379   0000              	GLOBAL _memchr_callee
380   0000              	GLOBAL _memchr
381   0000              	GLOBAL _memccpy_callee
382   0000              	GLOBAL _memccpy
383   0000              	GLOBAL _ffsl_fastcall
384   0000              	GLOBAL _ffsl
385   0000              	GLOBAL _ffs_fastcall
386   0000              	GLOBAL _ffs
387   0000              	GLOBAL __strrstrip__fastcall
388   0000              	GLOBAL __strrstrip_
389   0000              	GLOBAL __memupr__callee
390   0000              	GLOBAL __memupr_
391   0000              	GLOBAL __memstrcpy__callee
392   0000              	GLOBAL __memstrcpy_
393   0000              	GLOBAL __memlwr__callee
394   0000              	GLOBAL __memlwr_
395   0000              	GLOBAL _rawmemchr_callee
396   0000              	GLOBAL _rawmemchr
397   0000              	GLOBAL _strnset_callee
398   0000              	GLOBAL _strnset
399   0000              	GLOBAL _strset_callee
400   0000              	GLOBAL _strset
401   0000              	GLOBAL _rindex_callee
402   0000              	GLOBAL _rindex
403   0000              	GLOBAL _index_callee
404   0000              	GLOBAL _index
405   0000              	GLOBAL _bzero_callee
406   0000              	GLOBAL _bzero
407   0000              	GLOBAL _bcopy_callee
408   0000              	GLOBAL _bcopy
409   0000              	GLOBAL _bcmp_callee
410   0000              	GLOBAL _bcmp
411   0000              	GLOBAL _z180_otdmr_callee
412   0000              	GLOBAL _z180_otdmr
413   0000              	GLOBAL _z180_otimr_callee
414   0000              	GLOBAL _z180_otimr
415   0000              	GLOBAL _z180_otdr_callee
416   0000              	GLOBAL _z180_otdr
417   0000              	GLOBAL _z180_otir_callee
418   0000              	GLOBAL _z180_otir
419   0000              	GLOBAL _z180_outp_callee
420   0000              	GLOBAL _z180_outp
421   0000              	GLOBAL _z180_indr_callee
422   0000              	GLOBAL _z180_indr
423   0000              	GLOBAL _z180_inir_callee
424   0000              	GLOBAL _z180_inir
425   0000              	GLOBAL _z180_inp_fastcall
426   0000              	GLOBAL _z180_inp
427   0000              	GLOBAL _z180_set_int_state_fastcall
428   0000              	GLOBAL _z180_set_int_state
429   0000              	GLOBAL _z180_get_int_state
430   0000              	GLOBAL _z180_delay_tstate_fastcall
431   0000              	GLOBAL _z180_delay_tstate
432   0000              	GLOBAL _z180_delay_ms_fastcall
433   0000              	GLOBAL _z180_delay_ms
434   0000              	GLOBAL _im2_remove_generic_callback_callee
435   0000              	GLOBAL _im2_remove_generic_callback
436   0000              	GLOBAL _im2_prepend_generic_callback_callee
437   0000              	GLOBAL _im2_prepend_generic_callback
438   0000              	GLOBAL _im2_append_generic_callback_callee
439   0000              	GLOBAL _im2_append_generic_callback
440   0000              	GLOBAL _im2_create_generic_isr_8080_callee
441   0000              	GLOBAL _im2_create_generic_isr_8080
442   0000              	GLOBAL _im2_create_generic_isr_callee
443   0000              	GLOBAL _im2_create_generic_isr
444   0000              	GLOBAL _im2_install_isr_callee
445   0000              	GLOBAL _im2_install_isr
446   0000              	GLOBAL _im2_init_fastcall
447   0000              	GLOBAL _im2_init
448   0000              	GLOBAL _sd_read_block_fastcall
449   0000              	GLOBAL _sd_read_block
450   0000              	GLOBAL _sd_write_block_fastcall
451   0000              	GLOBAL _sd_write_block
452   0000              	GLOBAL _sd_read_byte_fastcall
453   0000              	GLOBAL _sd_read_byte
454   0000              	GLOBAL _sd_write_byte_fastcall
455   0000              	GLOBAL _sd_write_byte
456   0000              	GLOBAL _sd_cs_raise_fastcall
457   0000              	GLOBAL _sd_cs_raise
458   0000              	GLOBAL _sd_cs_lower_fastcall
459   0000              	GLOBAL _sd_cs_lower
460   0000              	GLOBAL _sd_clock_fastcall
461   0000              	GLOBAL _sd_clock
462   0000              	GLOBAL _context_init
463   0000              	GLOBAL _asci_0_put_ul
464   0000              	GLOBAL _asci_0_puts
465   0000              	GLOBAL _asci_0_putc
466   0000              	GLOBAL _asci_0_setup
467   0000              	GLOBAL _process_new
468   0000              	GLOBAL _process_init
469   0000              	GLOBAL _wv_stack_top_fastcall
470   0000              	GLOBAL _wv_stack_top
471   0000              	GLOBAL _wv_stack_size_fastcall
472   0000              	GLOBAL _wv_stack_size
473   0000              	GLOBAL _wv_stack_shrink_to_fit_fastcall
474   0000              	GLOBAL _wv_stack_shrink_to_fit
475   0000              	GLOBAL _wv_stack_reserve_callee
476   0000              	GLOBAL _wv_stack_reserve
477   0000              	GLOBAL _wv_stack_push_callee
478   0000              	GLOBAL _wv_stack_push
479   0000              	GLOBAL _wv_stack_pop_fastcall
480   0000              	GLOBAL _wv_stack_pop
481   0000              	GLOBAL _wv_stack_max_size_fastcall
482   0000              	GLOBAL _wv_stack_max_size
483   0000              	GLOBAL _wv_stack_init_callee
484   0000              	GLOBAL _wv_stack_init
485   0000              	GLOBAL _wv_stack_empty_fastcall
486   0000              	GLOBAL _wv_stack_empty
487   0000              	GLOBAL _wv_stack_destroy_fastcall
488   0000              	GLOBAL _wv_stack_destroy
489   0000              	GLOBAL _wv_stack_clear_fastcall
490   0000              	GLOBAL _wv_stack_clear
491   0000              	GLOBAL _wv_stack_capacity_fastcall
492   0000              	GLOBAL _wv_stack_capacity
493   0000              	GLOBAL _wv_priority_queue_top_fastcall
494   0000              	GLOBAL _wv_priority_queue_top
495   0000              	GLOBAL _wv_priority_queue_size_fastcall
496   0000              	GLOBAL _wv_priority_queue_size
497   0000              	GLOBAL _wv_priority_queue_shrink_to_fit_fastcall
498   0000              	GLOBAL _wv_priority_queue_shrink_to_fit
499   0000              	GLOBAL _wv_priority_queue_resize_callee
500   0000              	GLOBAL _wv_priority_queue_resize
501   0000              	GLOBAL _wv_priority_queue_reserve_callee
502   0000              	GLOBAL _wv_priority_queue_reserve
503   0000              	GLOBAL _wv_priority_queue_push_callee
504   0000              	GLOBAL _wv_priority_queue_push
505   0000              	GLOBAL _wv_priority_queue_pop_fastcall
506   0000              	GLOBAL _wv_priority_queue_pop
507   0000              	GLOBAL _wv_priority_queue_max_size_fastcall
508   0000              	GLOBAL _wv_priority_queue_max_size
509   0000              	GLOBAL _wv_priority_queue_init_callee
510   0000              	GLOBAL _wv_priority_queue_init
511   0000              	GLOBAL _wv_priority_queue_empty_fastcall
512   0000              	GLOBAL _wv_priority_queue_empty
513   0000              	GLOBAL _wv_priority_queue_destroy_fastcall
514   0000              	GLOBAL _wv_priority_queue_destroy
515   0000              	GLOBAL _wv_priority_queue_data_fastcall
516   0000              	GLOBAL _wv_priority_queue_data
517   0000              	GLOBAL _wv_priority_queue_clear_fastcall
518   0000              	GLOBAL _wv_priority_queue_clear
519   0000              	GLOBAL _wv_priority_queue_capacity_fastcall
520   0000              	GLOBAL _wv_priority_queue_capacity
521   0000              	GLOBAL _wa_stack_top_fastcall
522   0000              	GLOBAL _wa_stack_top
523   0000              	GLOBAL _wa_stack_size_fastcall
524   0000              	GLOBAL _wa_stack_size
525   0000              	GLOBAL _wa_stack_push_callee
526   0000              	GLOBAL _wa_stack_push
527   0000              	GLOBAL _wa_stack_pop_fastcall
528   0000              	GLOBAL _wa_stack_pop
529   0000              	GLOBAL _wa_stack_init_callee
530   0000              	GLOBAL _wa_stack_init
531   0000              	GLOBAL _wa_stack_empty_fastcall
532   0000              	GLOBAL _wa_stack_empty
533   0000              	GLOBAL _wa_stack_destroy_fastcall
534   0000              	GLOBAL _wa_stack_destroy
535   0000              	GLOBAL _wa_stack_clear_fastcall
536   0000              	GLOBAL _wa_stack_clear
537   0000              	GLOBAL _wa_stack_capacity_fastcall
538   0000              	GLOBAL _wa_stack_capacity
539   0000              	GLOBAL _wa_priority_queue_top_fastcall
540   0000              	GLOBAL _wa_priority_queue_top
541   0000              	GLOBAL _wa_priority_queue_size_fastcall
542   0000              	GLOBAL _wa_priority_queue_size
543   0000              	GLOBAL _wa_priority_queue_resize_callee
544   0000              	GLOBAL _wa_priority_queue_resize
545   0000              	GLOBAL _wa_priority_queue_push_callee
546   0000              	GLOBAL _wa_priority_queue_push
547   0000              	GLOBAL _wa_priority_queue_pop_fastcall
548   0000              	GLOBAL _wa_priority_queue_pop
549   0000              	GLOBAL _wa_priority_queue_init_callee
550   0000              	GLOBAL _wa_priority_queue_init
551   0000              	GLOBAL _wa_priority_queue_empty_fastcall
552   0000              	GLOBAL _wa_priority_queue_empty
553   0000              	GLOBAL _wa_priority_queue_destroy_fastcall
554   0000              	GLOBAL _wa_priority_queue_destroy
555   0000              	GLOBAL _wa_priority_queue_data_fastcall
556   0000              	GLOBAL _wa_priority_queue_data
557   0000              	GLOBAL _wa_priority_queue_clear_fastcall
558   0000              	GLOBAL _wa_priority_queue_clear
559   0000              	GLOBAL _wa_priority_queue_capacity_fastcall
560   0000              	GLOBAL _wa_priority_queue_capacity
561   0000              	GLOBAL _w_vector_size_fastcall
562   0000              	GLOBAL _w_vector_size
563   0000              	GLOBAL _w_vector_shrink_to_fit_fastcall
564   0000              	GLOBAL _w_vector_shrink_to_fit
565   0000              	GLOBAL _w_vector_resize_callee
566   0000              	GLOBAL _w_vector_resize
567   0000              	GLOBAL _w_vector_reserve_callee
568   0000              	GLOBAL _w_vector_reserve
569   0000              	GLOBAL _w_vector_push_back_callee
570   0000              	GLOBAL _w_vector_push_back
571   0000              	GLOBAL _w_vector_pop_back_fastcall
572   0000              	GLOBAL _w_vector_pop_back
573   0000              	GLOBAL _w_vector_max_size_fastcall
574   0000              	GLOBAL _w_vector_max_size
575   0000              	GLOBAL _w_vector_insert_n_callee
576   0000              	GLOBAL _w_vector_insert_n
577   0000              	GLOBAL _w_vector_insert_callee
578   0000              	GLOBAL _w_vector_insert
579   0000              	GLOBAL _w_vector_init_callee
580   0000              	GLOBAL _w_vector_init
581   0000              	GLOBAL _w_vector_front_fastcall
582   0000              	GLOBAL _w_vector_front
583   0000              	GLOBAL _w_vector_erase_range_callee
584   0000              	GLOBAL _w_vector_erase_range
585   0000              	GLOBAL _w_vector_erase_callee
586   0000              	GLOBAL _w_vector_erase
587   0000              	GLOBAL _w_vector_empty_fastcall
588   0000              	GLOBAL _w_vector_empty
589   0000              	GLOBAL _w_vector_destroy_fastcall
590   0000              	GLOBAL _w_vector_destroy
591   0000              	GLOBAL _w_vector_data_fastcall
592   0000              	GLOBAL _w_vector_data
593   0000              	GLOBAL _w_vector_clear_fastcall
594   0000              	GLOBAL _w_vector_clear
595   0000              	GLOBAL _w_vector_capacity_fastcall
596   0000              	GLOBAL _w_vector_capacity
597   0000              	GLOBAL _w_vector_back_fastcall
598   0000              	GLOBAL _w_vector_back
599   0000              	GLOBAL _w_vector_at_callee
600   0000              	GLOBAL _w_vector_at
601   0000              	GLOBAL _w_vector_append_n_callee
602   0000              	GLOBAL _w_vector_append_n
603   0000              	GLOBAL _w_vector_append_callee
604   0000              	GLOBAL _w_vector_append
605   0000              	GLOBAL _w_array_size_fastcall
606   0000              	GLOBAL _w_array_size
607   0000              	GLOBAL _w_array_resize_callee
608   0000              	GLOBAL _w_array_resize
609   0000              	GLOBAL _w_array_push_back_callee
610   0000              	GLOBAL _w_array_push_back
611   0000              	GLOBAL _w_array_pop_back_fastcall
612   0000              	GLOBAL _w_array_pop_back
613   0000              	GLOBAL _w_array_insert_n_callee
614   0000              	GLOBAL _w_array_insert_n
615   0000              	GLOBAL _w_array_insert_callee
616   0000              	GLOBAL _w_array_insert
617   0000              	GLOBAL _w_array_init_callee
618   0000              	GLOBAL _w_array_init
619   0000              	GLOBAL _w_array_front_fastcall
620   0000              	GLOBAL _w_array_front
621   0000              	GLOBAL _w_array_erase_range_callee
622   0000              	GLOBAL _w_array_erase_range
623   0000              	GLOBAL _w_array_erase_callee
624   0000              	GLOBAL _w_array_erase
625   0000              	GLOBAL _w_array_empty_fastcall
626   0000              	GLOBAL _w_array_empty
627   0000              	GLOBAL _w_array_destroy_fastcall
628   0000              	GLOBAL _w_array_destroy
629   0000              	GLOBAL _w_array_data_fastcall
630   0000              	GLOBAL _w_array_data
631   0000              	GLOBAL _w_array_clear_fastcall
632   0000              	GLOBAL _w_array_clear
633   0000              	GLOBAL _w_array_capacity_fastcall
634   0000              	GLOBAL _w_array_capacity
635   0000              	GLOBAL _w_array_back_fastcall
636   0000              	GLOBAL _w_array_back
637   0000              	GLOBAL _w_array_at_callee
638   0000              	GLOBAL _w_array_at
639   0000              	GLOBAL _w_array_append_n_callee
640   0000              	GLOBAL _w_array_append_n
641   0000              	GLOBAL _w_array_append_callee
642   0000              	GLOBAL _w_array_append
643   0000              	GLOBAL _p_stack_top_fastcall
644   0000              	GLOBAL _p_stack_top
645   0000              	GLOBAL _p_stack_size_fastcall
646   0000              	GLOBAL _p_stack_size
647   0000              	GLOBAL _p_stack_push_callee
648   0000              	GLOBAL _p_stack_push
649   0000              	GLOBAL _p_stack_pop_fastcall
650   0000              	GLOBAL _p_stack_pop
651   0000              	GLOBAL _p_stack_init_fastcall
652   0000              	GLOBAL _p_stack_init
653   0000              	GLOBAL _p_stack_empty_fastcall
654   0000              	GLOBAL _p_stack_empty
655   0000              	GLOBAL _p_stack_clear_fastcall
656   0000              	GLOBAL _p_stack_clear
657   0000              	GLOBAL _p_queue_size_fastcall
658   0000              	GLOBAL _p_queue_size
659   0000              	GLOBAL _p_queue_push_callee
660   0000              	GLOBAL _p_queue_push
661   0000              	GLOBAL _p_queue_pop_fastcall
662   0000              	GLOBAL _p_queue_pop
663   0000              	GLOBAL _p_queue_init_fastcall
664   0000              	GLOBAL _p_queue_init
665   0000              	GLOBAL _p_queue_front_fastcall
666   0000              	GLOBAL _p_queue_front
667   0000              	GLOBAL _p_queue_empty_fastcall
668   0000              	GLOBAL _p_queue_empty
669   0000              	GLOBAL _p_queue_clear_fastcall
670   0000              	GLOBAL _p_queue_clear
671   0000              	GLOBAL _p_queue_back_fastcall
672   0000              	GLOBAL _p_queue_back
673   0000              	GLOBAL _p_list_size_fastcall
674   0000              	GLOBAL _p_list_size
675   0000              	GLOBAL _p_list_remove_after_callee
676   0000              	GLOBAL _p_list_remove_after
677   0000              	GLOBAL _p_list_remove_callee
678   0000              	GLOBAL _p_list_remove
679   0000              	GLOBAL _p_list_push_front_callee
680   0000              	GLOBAL _p_list_push_front
681   0000              	GLOBAL _p_list_push_back_callee
682   0000              	GLOBAL _p_list_push_back
683   0000              	GLOBAL _p_list_prev_fastcall
684   0000              	GLOBAL _p_list_prev
685   0000              	GLOBAL _p_list_pop_front_fastcall
686   0000              	GLOBAL _p_list_pop_front
687   0000              	GLOBAL _p_list_pop_back_fastcall
688   0000              	GLOBAL _p_list_pop_back
689   0000              	GLOBAL _p_list_next_fastcall
690   0000              	GLOBAL _p_list_next
691   0000              	GLOBAL _p_list_insert_after_callee
692   0000              	GLOBAL _p_list_insert_after
693   0000              	GLOBAL _p_list_insert_callee
694   0000              	GLOBAL _p_list_insert
695   0000              	GLOBAL _p_list_init_fastcall
696   0000              	GLOBAL _p_list_init
697   0000              	GLOBAL _p_list_front_fastcall
698   0000              	GLOBAL _p_list_front
699   0000              	GLOBAL _p_list_empty_fastcall
700   0000              	GLOBAL _p_list_empty
701   0000              	GLOBAL _p_list_clear_fastcall
702   0000              	GLOBAL _p_list_clear
703   0000              	GLOBAL _p_list_back_fastcall
704   0000              	GLOBAL _p_list_back
705   0000              	GLOBAL _p_forward_list_alt_size_fastcall
706   0000              	GLOBAL _p_forward_list_alt_size
707   0000              	GLOBAL _p_forward_list_alt_remove_after_callee
708   0000              	GLOBAL _p_forward_list_alt_remove_after
709   0000              	GLOBAL _p_forward_list_alt_remove_callee
710   0000              	GLOBAL _p_forward_list_alt_remove
711   0000              	GLOBAL _p_forward_list_alt_push_front_callee
712   0000              	GLOBAL _p_forward_list_alt_push_front
713   0000              	GLOBAL _p_forward_list_alt_push_back_callee
714   0000              	GLOBAL _p_forward_list_alt_push_back
715   0000              	GLOBAL _p_forward_list_alt_prev_callee
716   0000              	GLOBAL _p_forward_list_alt_prev
717   0000              	GLOBAL _p_forward_list_alt_pop_front_fastcall
718   0000              	GLOBAL _p_forward_list_alt_pop_front
719   0000              	GLOBAL _p_forward_list_alt_pop_back_fastcall
720   0000              	GLOBAL _p_forward_list_alt_pop_back
721   0000              	GLOBAL _p_forward_list_alt_next_fastcall
722   0000              	GLOBAL _p_forward_list_alt_next
723   0000              	GLOBAL _p_forward_list_alt_insert_after_callee
724   0000              	GLOBAL _p_forward_list_alt_insert_after
725   0000              	GLOBAL _p_forward_list_alt_init_fastcall
726   0000              	GLOBAL _p_forward_list_alt_init
727   0000              	GLOBAL _p_forward_list_alt_front_fastcall
728   0000              	GLOBAL _p_forward_list_alt_front
729   0000              	GLOBAL _p_forward_list_alt_empty_fastcall
730   0000              	GLOBAL _p_forward_list_alt_empty
731   0000              	GLOBAL _p_forward_list_alt_clear_fastcall
732   0000              	GLOBAL _p_forward_list_alt_clear
733   0000              	GLOBAL _p_forward_list_alt_back_fastcall
734   0000              	GLOBAL _p_forward_list_alt_back
735   0000              	GLOBAL _p_forward_list_size_fastcall
736   0000              	GLOBAL _p_forward_list_size
737   0000              	GLOBAL _p_forward_list_remove_after_fastcall
738   0000              	GLOBAL _p_forward_list_remove_after
739   0000              	GLOBAL _p_forward_list_remove_callee
740   0000              	GLOBAL _p_forward_list_remove
741   0000              	GLOBAL _p_forward_list_push_front_callee
742   0000              	GLOBAL _p_forward_list_push_front
743   0000              	GLOBAL _p_forward_list_push_back_callee
744   0000              	GLOBAL _p_forward_list_push_back
745   0000              	GLOBAL _p_forward_list_prev_callee
746   0000              	GLOBAL _p_forward_list_prev
747   0000              	GLOBAL _p_forward_list_pop_front_fastcall
748   0000              	GLOBAL _p_forward_list_pop_front
749   0000              	GLOBAL _p_forward_list_pop_back_fastcall
750   0000              	GLOBAL _p_forward_list_pop_back
751   0000              	GLOBAL _p_forward_list_next_fastcall
752   0000              	GLOBAL _p_forward_list_next
753   0000              	GLOBAL _p_forward_list_insert_after_callee
754   0000              	GLOBAL _p_forward_list_insert_after
755   0000              	GLOBAL _p_forward_list_init_fastcall
756   0000              	GLOBAL _p_forward_list_init
757   0000              	GLOBAL _p_forward_list_front_fastcall
758   0000              	GLOBAL _p_forward_list_front
759   0000              	GLOBAL _p_forward_list_empty_fastcall
760   0000              	GLOBAL _p_forward_list_empty
761   0000              	GLOBAL _p_forward_list_clear_fastcall
762   0000              	GLOBAL _p_forward_list_clear
763   0000              	GLOBAL _p_forward_list_back_fastcall
764   0000              	GLOBAL _p_forward_list_back
765   0000              	GLOBAL _bv_stack_top_fastcall
766   0000              	GLOBAL _bv_stack_top
767   0000              	GLOBAL _bv_stack_size_fastcall
768   0000              	GLOBAL _bv_stack_size
769   0000              	GLOBAL _bv_stack_shrink_to_fit_fastcall
770   0000              	GLOBAL _bv_stack_shrink_to_fit
771   0000              	GLOBAL _bv_stack_reserve_callee
772   0000              	GLOBAL _bv_stack_reserve
773   0000              	GLOBAL _bv_stack_push_callee
774   0000              	GLOBAL _bv_stack_push
775   0000              	GLOBAL _bv_stack_pop_fastcall
776   0000              	GLOBAL _bv_stack_pop
777   0000              	GLOBAL _bv_stack_max_size_fastcall
778   0000              	GLOBAL _bv_stack_max_size
779   0000              	GLOBAL _bv_stack_init_callee
780   0000              	GLOBAL _bv_stack_init
781   0000              	GLOBAL _bv_stack_empty_fastcall
782   0000              	GLOBAL _bv_stack_empty
783   0000              	GLOBAL _bv_stack_destroy_fastcall
784   0000              	GLOBAL _bv_stack_destroy
785   0000              	GLOBAL _bv_stack_clear_fastcall
786   0000              	GLOBAL _bv_stack_clear
787   0000              	GLOBAL _bv_stack_capacity_fastcall
788   0000              	GLOBAL _bv_stack_capacity
789   0000              	GLOBAL _bv_priority_queue_top_fastcall
790   0000              	GLOBAL _bv_priority_queue_top
791   0000              	GLOBAL _bv_priority_queue_size_fastcall
792   0000              	GLOBAL _bv_priority_queue_size
793   0000              	GLOBAL _bv_priority_queue_shrink_to_fit_fastcall
794   0000              	GLOBAL _bv_priority_queue_shrink_to_fit
795   0000              	GLOBAL _bv_priority_queue_resize_callee
796   0000              	GLOBAL _bv_priority_queue_resize
797   0000              	GLOBAL _bv_priority_queue_reserve_callee
798   0000              	GLOBAL _bv_priority_queue_reserve
799   0000              	GLOBAL _bv_priority_queue_push_callee
800   0000              	GLOBAL _bv_priority_queue_push
801   0000              	GLOBAL _bv_priority_queue_pop_fastcall
802   0000              	GLOBAL _bv_priority_queue_pop
803   0000              	GLOBAL _bv_priority_queue_max_size_fastcall
804   0000              	GLOBAL _bv_priority_queue_max_size
805   0000              	GLOBAL _bv_priority_queue_init_callee
806   0000              	GLOBAL _bv_priority_queue_init
807   0000              	GLOBAL _bv_priority_queue_empty_fastcall
808   0000              	GLOBAL _bv_priority_queue_empty
809   0000              	GLOBAL _bv_priority_queue_destroy_fastcall
810   0000              	GLOBAL _bv_priority_queue_destroy
811   0000              	GLOBAL _bv_priority_queue_data_fastcall
812   0000              	GLOBAL _bv_priority_queue_data
813   0000              	GLOBAL _bv_priority_queue_clear_fastcall
814   0000              	GLOBAL _bv_priority_queue_clear
815   0000              	GLOBAL _bv_priority_queue_capacity_fastcall
816   0000              	GLOBAL _bv_priority_queue_capacity
817   0000              	GLOBAL _ba_stack_top_fastcall
818   0000              	GLOBAL _ba_stack_top
819   0000              	GLOBAL _ba_stack_size_fastcall
820   0000              	GLOBAL _ba_stack_size
821   0000              	GLOBAL _ba_stack_push_callee
822   0000              	GLOBAL _ba_stack_push
823   0000              	GLOBAL _ba_stack_pop_fastcall
824   0000              	GLOBAL _ba_stack_pop
825   0000              	GLOBAL _ba_stack_init_callee
826   0000              	GLOBAL _ba_stack_init
827   0000              	GLOBAL _ba_stack_empty_fastcall
828   0000              	GLOBAL _ba_stack_empty
829   0000              	GLOBAL _ba_stack_destroy_fastcall
830   0000              	GLOBAL _ba_stack_destroy
831   0000              	GLOBAL _ba_stack_clear_fastcall
832   0000              	GLOBAL _ba_stack_clear
833   0000              	GLOBAL _ba_stack_capacity_fastcall
834   0000              	GLOBAL _ba_stack_capacity
835   0000              	GLOBAL _ba_priority_queue_top_fastcall
836   0000              	GLOBAL _ba_priority_queue_top
837   0000              	GLOBAL _ba_priority_queue_size_fastcall
838   0000              	GLOBAL _ba_priority_queue_size
839   0000              	GLOBAL _ba_priority_queue_resize_callee
840   0000              	GLOBAL _ba_priority_queue_resize
841   0000              	GLOBAL _ba_priority_queue_push_callee
842   0000              	GLOBAL _ba_priority_queue_push
843   0000              	GLOBAL _ba_priority_queue_pop_fastcall
844   0000              	GLOBAL _ba_priority_queue_pop
845   0000              	GLOBAL _ba_priority_queue_init_callee
846   0000              	GLOBAL _ba_priority_queue_init
847   0000              	GLOBAL _ba_priority_queue_empty_fastcall
848   0000              	GLOBAL _ba_priority_queue_empty
849   0000              	GLOBAL _ba_priority_queue_destroy_fastcall
850   0000              	GLOBAL _ba_priority_queue_destroy
851   0000              	GLOBAL _ba_priority_queue_data_fastcall
852   0000              	GLOBAL _ba_priority_queue_data
853   0000              	GLOBAL _ba_priority_queue_clear_fastcall
854   0000              	GLOBAL _ba_priority_queue_clear
855   0000              	GLOBAL _ba_priority_queue_capacity_fastcall
856   0000              	GLOBAL _ba_priority_queue_capacity
857   0000              	GLOBAL _b_vector_write_block_callee
858   0000              	GLOBAL _b_vector_write_block
859   0000              	GLOBAL _b_vector_size_fastcall
860   0000              	GLOBAL _b_vector_size
861   0000              	GLOBAL _b_vector_shrink_to_fit_fastcall
862   0000              	GLOBAL _b_vector_shrink_to_fit
863   0000              	GLOBAL _b_vector_resize_callee
864   0000              	GLOBAL _b_vector_resize
865   0000              	GLOBAL _b_vector_reserve_callee
866   0000              	GLOBAL _b_vector_reserve
867   0000              	GLOBAL _b_vector_read_block_callee
868   0000              	GLOBAL _b_vector_read_block
869   0000              	GLOBAL _b_vector_push_back_callee
870   0000              	GLOBAL _b_vector_push_back
871   0000              	GLOBAL _b_vector_pop_back_fastcall
872   0000              	GLOBAL _b_vector_pop_back
873   0000              	GLOBAL _b_vector_max_size_fastcall
874   0000              	GLOBAL _b_vector_max_size
875   0000              	GLOBAL _b_vector_insert_n_callee
876   0000              	GLOBAL _b_vector_insert_n
877   0000              	GLOBAL _b_vector_insert_block_callee
878   0000              	GLOBAL _b_vector_insert_block
879   0000              	GLOBAL _b_vector_insert_callee
880   0000              	GLOBAL _b_vector_insert
881   0000              	GLOBAL _b_vector_init_callee
882   0000              	GLOBAL _b_vector_init
883   0000              	GLOBAL _b_vector_front_fastcall
884   0000              	GLOBAL _b_vector_front
885   0000              	GLOBAL _b_vector_erase_range_callee
886   0000              	GLOBAL _b_vector_erase_range
887   0000              	GLOBAL _b_vector_erase_block_callee
888   0000              	GLOBAL _b_vector_erase_block
889   0000              	GLOBAL _b_vector_erase_callee
890   0000              	GLOBAL _b_vector_erase
891   0000              	GLOBAL _b_vector_empty_fastcall
892   0000              	GLOBAL _b_vector_empty
893   0000              	GLOBAL _b_vector_destroy_fastcall
894   0000              	GLOBAL _b_vector_destroy
895   0000              	GLOBAL _b_vector_data_fastcall
896   0000              	GLOBAL _b_vector_data
897   0000              	GLOBAL _b_vector_clear_fastcall
898   0000              	GLOBAL _b_vector_clear
899   0000              	GLOBAL _b_vector_capacity_fastcall
900   0000              	GLOBAL _b_vector_capacity
901   0000              	GLOBAL _b_vector_back_fastcall
902   0000              	GLOBAL _b_vector_back
903   0000              	GLOBAL _b_vector_at_callee
904   0000              	GLOBAL _b_vector_at
905   0000              	GLOBAL _b_vector_append_n_callee
906   0000              	GLOBAL _b_vector_append_n
907   0000              	GLOBAL _b_vector_append_block_callee
908   0000              	GLOBAL _b_vector_append_block
909   0000              	GLOBAL _b_vector_append_callee
910   0000              	GLOBAL _b_vector_append
911   0000              	GLOBAL _b_array_write_block_callee
912   0000              	GLOBAL _b_array_write_block
913   0000              	GLOBAL _b_array_size_fastcall
914   0000              	GLOBAL _b_array_size
915   0000              	GLOBAL _b_array_resize_callee
916   0000              	GLOBAL _b_array_resize
917   0000              	GLOBAL _b_array_read_block_callee
918   0000              	GLOBAL _b_array_read_block
919   0000              	GLOBAL _b_array_push_back_callee
920   0000              	GLOBAL _b_array_push_back
921   0000              	GLOBAL _b_array_pop_back_fastcall
922   0000              	GLOBAL _b_array_pop_back
923   0000              	GLOBAL _b_array_insert_n_callee
924   0000              	GLOBAL _b_array_insert_n
925   0000              	GLOBAL _b_array_insert_block_callee
926   0000              	GLOBAL _b_array_insert_block
927   0000              	GLOBAL _b_array_insert_callee
928   0000              	GLOBAL _b_array_insert
929   0000              	GLOBAL _b_array_init_callee
930   0000              	GLOBAL _b_array_init
931   0000              	GLOBAL _b_array_front_fastcall
932   0000              	GLOBAL _b_array_front
933   0000              	GLOBAL _b_array_erase_range_callee
934   0000              	GLOBAL _b_array_erase_range
935   0000              	GLOBAL _b_array_erase_block_callee
936   0000              	GLOBAL _b_array_erase_block
937   0000              	GLOBAL _b_array_erase_callee
938   0000              	GLOBAL _b_array_erase
939   0000              	GLOBAL _b_array_empty_fastcall
940   0000              	GLOBAL _b_array_empty
941   0000              	GLOBAL _b_array_destroy_fastcall
942   0000              	GLOBAL _b_array_destroy
943   0000              	GLOBAL _b_array_data_fastcall
944   0000              	GLOBAL _b_array_data
945   0000              	GLOBAL _b_array_clear_fastcall
946   0000              	GLOBAL _b_array_clear
947   0000              	GLOBAL _b_array_capacity_fastcall
948   0000              	GLOBAL _b_array_capacity
949   0000              	GLOBAL _b_array_back_fastcall
950   0000              	GLOBAL _b_array_back
951   0000              	GLOBAL _b_array_at_callee
952   0000              	GLOBAL _b_array_at
953   0000              	GLOBAL _b_array_append_n_callee
954   0000              	GLOBAL _b_array_append_n
955   0000              	GLOBAL _b_array_append_block_callee
956   0000              	GLOBAL _b_array_append_block
957   0000              	GLOBAL _b_array_append_callee
958   0000              	GLOBAL _b_array_append
959   0000              	GLOBAL _va_from_pfn
960   0000              	GLOBAL _vpn_from_va
961   0000              	GLOBAL _pa_from_pfn
962   0000              	GLOBAL _pfn_from_pa
963   0000              	GLOBAL __BSS_UNINITIALIZED_head
964   0000              	GLOBAL __DATA_END_tail
965   0000              	GLOBAL __CODE_END_tail
966   0000              	GLOBAL __BSS_head
967   0000              	GLOBAL __DATA_head
968   0000              	GLOBAL __CODE_head
969   0000              	GLOBAL _interrupt_sp
970   0000              	GLOBAL _current_proc
971   0000              	GLOBAL _proc_list
972   0000              ;--------------------------------------------------------
973   0000              ; special function registers
974   0000              ;--------------------------------------------------------
975   0000              defc _io_dio	=	0x0000
976   0000              defc _io_system	=	0x000c
977   0000              defc _io_led_output	=	0x000d
978   0000              defc _io_led_status	=	0x000e
979   0000              defc _io_cf	=	0x0010
980   0000              defc _CNTLA0	=	0x00c0
981   0000              defc _CNTLA1	=	0x00c1
982   0000              defc _CNTLB0	=	0x00c2
983   0000              defc _CNTLB1	=	0x00c3
984   0000              defc _STAT0	=	0x00c4
985   0000              defc _STAT1	=	0x00c5
986   0000              defc _TDR0	=	0x00c6
987   0000              defc _TDR1	=	0x00c7
988   0000              defc _RDR0	=	0x00c8
989   0000              defc _RDR1	=	0x00c9
990   0000              defc _ASEXT0	=	0x00d2
991   0000              defc _ASEXT1	=	0x00d3
992   0000              defc _ASTC0L	=	0x00da
993   0000              defc _ASTC0H	=	0x00db
994   0000              defc _ASTC1L	=	0x00dc
995   0000              defc _ASTC1H	=	0x00dd
996   0000              defc _CNTR	=	0x00ca
997   0000              defc _TRDR	=	0x00cb
998   0000              defc _TMDR0L	=	0x00cc
999   0000              defc _TMDR0H	=	0x00cd
1000  0000              defc _RLDR0L	=	0x00ce
1001  0000              defc _RLDR0H	=	0x00cf
1002  0000              defc _TCR	=	0x00d0
1003  0000              defc _TMDR1L	=	0x00d4
1004  0000              defc _TMDR1H	=	0x00d5
1005  0000              defc _RLDR1L	=	0x00d6
1006  0000              defc _RLDR1H	=	0x00d7
1007  0000              defc _FRC	=	0x00d8
1008  0000              defc _CMR	=	0x00de
1009  0000              defc _CCR	=	0x00df
1010  0000              defc _SAR0L	=	0x00e0
1011  0000              defc _SAR0H	=	0x00e1
1012  0000              defc _SAR0B	=	0x00e2
1013  0000              defc _DAR0L	=	0x00e3
1014  0000              defc _DAR0H	=	0x00e4
1015  0000              defc _DAR0B	=	0x00e5
1016  0000              defc _BCR0L	=	0x00e6
1017  0000              defc _BCR0H	=	0x00e7
1018  0000              defc _MAR1L	=	0x00e8
1019  0000              defc _MAR1H	=	0x00e9
1020  0000              defc _MAR1B	=	0x00ea
1021  0000              defc _IAR1L	=	0x00eb
1022  0000              defc _IAR1H	=	0x00ec
1023  0000              defc _IAR1B	=	0x00ed
1024  0000              defc _BCR1L	=	0x00ee
1025  0000              defc _BCR1H	=	0x00ef
1026  0000              defc _DSTAT	=	0x00f0
1027  0000              defc _DMODE	=	0x00f1
1028  0000              defc _DCNTL	=	0x00f2
1029  0000              defc _IL	=	0x00f3
1030  0000              defc _ITC	=	0x00f4
1031  0000              defc _RCR	=	0x00f6
1032  0000              defc _CBR	=	0x00f8
1033  0000              defc _BBR	=	0x00f9
1034  0000              defc _CBAR	=	0x00fa
1035  0000              defc _OMCR	=	0x00fe
1036  0000              defc _ICR	=	0x003f
1037  0000              ;--------------------------------------------------------
1038  0000              ; ram data
1039  0000              ;--------------------------------------------------------
1040  0000              	SECTION bss_compiler
1041  0000              _stack2:
1042  0000  00 00 00 00 00 00 00 00 00 00 00 00 00 00 00 00 00 00 00 00 00 00 00 00 00 00 00 00 00 00 00 00 
      0020  00 00 00 00 00 00 00 00 00 00 00 00 00 00 00 00 00 00 00 00 00 00 00 00 00 00 00 00 00 00 00 00 
      0040  00 00 00 00 00 00 00 00 00 00 00 00 00 00 00 00 00 00 00 00 00 00 00 00 00 00 00 00 00 00 00 00 
      0060  00 00 00 00 00 00 00 00 00 00 00 00 00 00 00 00 00 00 00 00 00 00 00 00 00 00 00 00 00 00 00 00 
      0080  00 00 00 00 00 00 00 00 00 00 00 00 00 00 00 00 00 00 00 00 00 00 00 00 00 00 00 00 00 00 00 00 
      00A0  00 00 00 00 00 00 00 00 00 00 00 00 00 00 00 00 00 00 00 00 00 00 00 00 00 00 00 00 00 00 00 00 
      00C0  00 00 00 00 00 00 00 00 00 00 00 00 00 00 00 00 00 00 00 00 00 00 00 00 00 00 00 00 00 00 00 00 
      00E0  00 00 00 00 00 00 00 00 00 00 00 00 00 00 00 00 00 00 00 00 00 00 00 00 00 00 00 00 00 00 00 00 
      0100  00 00 00 00 00 00 00 00 00 00 00 00 00 00 00 00 00 00 00 00 00 00 00 00 00 00 00 00 00 00 00 00 
      0120  00 00 00 00 00 00 00 00 00 00 00 00 00 00 00 00 00 00 00 00 00 00 00 00 00 00 00 00 00 00 00 00 
      0140  00 00 00 00 00 00 00 00 00 00 00 00 00 00 00 00 00 00 00 00 00 00 00 00 00 00 00 00 00 00 00 00 
      0160  00 00 00 00 00 00 00 00 00 00 00 00 00 00 00 00 00 00 00 00 00 00 00 00 00 00 00 00 00 00 00 00 
      0180  00 00 00 00 00 00 00 00 00 00 00 00 00 00 00 00 00 00 00 00 00 00 00 00 00 00 00 00 00 00 00 00 
      01A0  00 00 00 00 00 00 00 00 00 00 00 00 00 00 00 00 00 00 00 00 00 00 00 00 00 00 00 00 00 00 00 00 
      01C0  00 00 00 00 00 00 00 00 00 00 00 00 00 00 00 00 00 00 00 00 00 00 00 00 00 00 00 00 00 00 00 00 
      01E0  00 00 00 00 00 00 00 00 00 00 00 00 00 00 00 00 00 00 00 00 00 00 00 00 00 00 00 00 00 00 00 00 
      0200  00 00 00 00 00 00 00 00 00 00 00 00 00 00 00 00 00 00 00 00 00 00 00 00 00 00 00 00 00 00 00 00 
      0220  00 00 00 00 00 00 00 00 00 00 00 00 00 00 00 00 00 00 00 00 00 00 00 00 00 00 00 00 00 00 00 00 
      0240  00 00 00 00 00 00 00 00 00 00 00 00 00 00 00 00 00 00 00 00 00 00 00 00 00 00 00 00 00 00 00 00 
      0260  00 00 00 00 00 00 00 00 00 00 00 00 00 00 00 00 00 00 00 00 00 00 00 00 00 00 00 00 00 00 00 00 
      0280  00 00 00 00 00 00 00 00 00 00 00 00 00 00 00 00 00 00 00 00 00 00 00 00 00 00 00 00 00 00 00 00 
      02A0  00 00 00 00 00 00 00 00 00 00 00 00 00 00 00 00 00 00 00 00 00 00 00 00 00 00 00 00 00 00 00 00 
      02C0  00 00 00 00 00 00 00 00 00 00 00 00 00 00 00 00 00 00 00 00 00 00 00 00 00 00 00 00 00 00 00 00 
      02E0  00 00 00 00 00 00 00 00 00 00 00 00 00 00 00 00 00 00 00 00 00 00 00 00 00 00 00 00 00 00 00 00 
      0300  00 00 00 00 00 00 00 00 00 00 00 00 00 00 00 00 00 00 00 00 00 00 00 00 00 00 00 00 00 00 00 00 
      0320  00 00 00 00 00 00 00 00 00 00 00 00 00 00 00 00 00 00 00 00 00 00 00 00 00 00 00 00 00 00 00 00 
      0340  00 00 00 00 00 00 00 00 00 00 00 00 00 00 00 00 00 00 00 00 00 00 00 00 00 00 00 00 00 00 00 00 
      0360  00 00 00 00 00 00 00 00 00 00 00 00 00 00 00 00 00 00 00 00 00 00 00 00 00 00 00 00 00 00 00 00 
      0380  00 00 00 00 00 00 00 00 00 00 00 00 00 00 00 00 00 00 00 00 00 00 00 00 00 00 00 00 00 00 00 00 
      03A0  00 00 00 00 00 00 00 00 00 00 00 00 00 00 00 00 00 00 00 00 00 00 00 00 00 00 00 00 00 00 00 00 
      03C0  00 00 00 00 00 00 00 00 00 00 00 00 00 00 00 00 00 00 00 00 00 00 00 00 00 00 00 00 00 00 00 00 
      03E0  00 00 00 00 00 00 00 00 00 00 00 00 00 00 00 00 00 00 00 00 00 00 00 00 00 00 00 00 00 00 00 00 
      0400  00 00 00 00 00 00 00 00 00 00 00 00 00 00 00 00 00 00 00 00 00 00 00 00 00 00 00 00 00 00 00 00 
      0420  00 00 00 00 00 00 00 00 00 00 00 00 00 00 00 00 00 00 00 00 00 00 00 00 00 00 00 00 00 00 00 00 
      0440  00 00 00 00 00 00 00 00 00 00 00 00 00 00 00 00 00 00 00 00 00 00 00 00 00 00 00 00 00 00 00 00 
      0460  00 00 00 00 00 00 00 00 00 00 00 00 00 00 00 00 00 00 00 00 00 00 00 00 00 00 00 00 00 00 00 00 
      0480  00 00 00 00 00 00 00 00 00 00 00 00 00 00 00 00 00 00 00 00 00 00 00 00 00 00 00 00 00 00 00 00 
      04A0  00 00 00 00 00 00 00 00 00 00 00 00 00 00 00 00 00 00 00 00 00 00 00 00 00 00 00 00 00 00 00 00 
      04C0  00 00 00 00 00 00 00 00 00 00 00 00 00 00 00 00 00 00 00 00 00 00 00 00 00 00 00 00 00 00 00 00 
      04E0  00 00 00 00 00 00 00 00 00 00 00 00 00 00 00 00 00 00 00 00 00 00 00 00 00 00 00 00 00 00 00 00 
      0500  00 00 00 00 00 00 00 00 00 00 00 00 00 00 00 00 00 00 00 00 00 00 00 00 00 00 00 00 00 00 00 00 
      0520  00 00 00 00 00 00 00 00 00 00 00 00 00 00 00 00 00 00 00 00 00 00 00 00 00 00 00 00 00 00 00 00 
      0540  00 00 00 00 00 00 00 00 00 00 00 00 00 00 00 00 00 00 00 00 00 00 00 00 00 00 00 00 00 00 00 00 
      0560  00 00 00 00 00 00 00 00 00 00 00 00 00 00 00 00 00 00 00 00 00 00 00 00 00 00 00 00 00 00 00 00 
      0580  00 00 00 00 00 00 00 00 00 00 00 00 00 00 00 00 00 00 00 00 00 00 00 00 00 00 00 00 00 00 00 00 
      05A0  00 00 00 00 00 00 00 00 00 00 00 00 00 00 00 00 00 00 00 00 00 00 00 00 00 00 00 00 00 00 00 00 
      05C0  00 00 00 00 00 00 00 00 00 00 00 00 00 00 00 00 00 00 00 00 00 00 00 00 00 00 00 00 00 00 00 00 
      05E0  00 00 00 00 00 00 00 00 00 00 00 00 00 00 00 00 00 00 00 00 00 00 00 00 00 00 00 00 00 00 00 00 
      0600  00 00 00 00 00 00 00 00 00 00 00 00 00 00 00 00 00 00 00 00 00 00 00 00 00 00 00 00 00 00 00 00 
      0620  00 00 00 00 00 00 00 00 00 00 00 00 00 00 00 00 00 00 00 00 00 00 00 00 00 00 00 00 00 00 00 00 
      0640  00 00 00 00 00 00 00 00 00 00 00 00 00 00 00 00 00 00 00 00 00 00 00 00 00 00 00 00 00 00 00 00 
      0660  00 00 00 00 00 00 00 00 00 00 00 00 00 00 00 00 00 00 00 00 00 00 00 00 00 00 00 00 00 00 00 00 
      0680  00 00 00 00 00 00 00 00 00 00 00 00 00 00 00 00 00 00 00 00 00 00 00 00 00 00 00 00 00 00 00 00 
      06A0  00 00 00 00 00 00 00 00 00 00 00 00 00 00 00 00 00 00 00 00 00 00 00 00 00 00 00 00 00 00 00 00 
      06C0  00 00 00 00 00 00 00 00 00 00 00 00 00 00 00 00 00 00 00 00 00 00 00 00 00 00 00 00 00 00 00 00 
      06E0  00 00 00 00 00 00 00 00 00 00 00 00 00 00 00 00 00 00 00 00 00 00 00 00 00 00 00 00 00 00 00 00 
      0700  00 00 00 00 00 00 00 00 00 00 00 00 00 00 00 00 00 00 00 00 00 00 00 00 00 00 00 00 00 00 00 00 
      0720  00 00 00 00 00 00 00 00 00 00 00 00 00 00 00 00 00 00 00 00 00 00 00 00 00 00 00 00 00 00 00 00 
      0740  00 00 00 00 00 00 00 00 00 00 00 00 00 00 00 00 00 00 00 00 00 00 00 00 00 00 00 00 00 00 00 00 
      0760  00 00 00 00 00 00 00 00 00 00 00 00 00 00 00 00 00 00 00 00 00 00 00 00 00 00 00 00 00 00 00 00 
      0780  00 00 00 00 00 00 00 00 00 00 00 00 00 00 00 00 00 00 00 00 00 00 00 00 00 00 00 00 00 00 00 00 
      07A0  00 00 00 00 00 00 00 00 00 00 00 00 00 00 00 00 00 00 00 00 00 00 00 00 00 00 00 00 00 00 00 00 
      07C0  00 00 00 00 00 00 00 00 00 00 00 00 00 00 00 00 00 00 00 00 00 00 00 00 00 00 00 00 00 00 00 00 
      07E0  00 00 00 00 00 00 00 00 00 00 00 00 00 00 00 00 00 00 00 00 00 00 00 00 00 00 00 00 00 00 00 00 
      0800  00 00 00 00 00 00 00 00 00 00 00 00 00 00 00 00 00 00 00 00 00 00 00 00 00 00 00 00 00 00 00 00 
      0820  00 00 00 00 00 00 00 00 00 00 00 00 00 00 00 00 00 00 00 00 00 00 00 00 00 00 00 00 00 00 00 00 
      0840  00 00 00 00 00 00 00 00 00 00 00 00 00 00 00 00 00 00 00 00 00 00 00 00 00 00 00 00 00 00 00 00 
      0860  00 00 00 00 00 00 00 00 00 00 00 00 00 00 00 00 00 00 00 00 00 00 00 00 00 00 00 00 00 00 00 00 
      0880  00 00 00 00 00 00 00 00 00 00 00 00 00 00 00 00 00 00 00 00 00 00 00 00 00 00 00 00 00 00 00 00 
      08A0  00 00 00 00 00 00 00 00 00 00 00 00 00 00 00 00 00 00 00 00 00 00 00 00 00 00 00 00 00 00 00 00 
      08C0  00 00 00 00 00 00 00 00 00 00 00 00 00 00 00 00 00 00 00 00 00 00 00 00 00 00 00 00 00 00 00 00 
      08E0  00 00 00 00 00 00 00 00 00 00 00 00 00 00 00 00 00 00 00 00 00 00 00 00 00 00 00 00 00 00 00 00 
      0900  00 00 00 00 00 00 00 00 00 00 00 00 00 00 00 00 00 00 00 00 00 00 00 00 00 00 00 00 00 00 00 00 
      0920  00 00 00 00 00 00 00 00 00 00 00 00 00 00 00 00 00 00 00 00 00 00 00 00 00 00 00 00 00 00 00 00 
      0940  00 00 00 00 00 00 00 00 00 00 00 00 00 00 00 00 00 00 00 00 00 00 00 00 00 00 00 00 00 00 00 00 
      0960  00 00 00 00 00 00 00 00 00 00 00 00 00 00 00 00 00 00 00 00 00 00 00 00 00 00 00 00 00 00 00 00 
      0980  00 00 00 00 00 00 00 00 00 00 00 00 00 00 00 00 00 00 00 00 00 00 00 00 00 00 00 00 00 00 00 00 
      09A0  00 00 00 00 00 00 00 00 00 00 00 00 00 00 00 00 00 00 00 00 00 00 00 00 00 00 00 00 00 00 00 00 
      09C0  00 00 00 00 00 00 00 00 00 00 00 00 00 00 00 00 00 00 00 00 00 00 00 00 00 00 00 00 00 00 00 00 
      09E0  00 00 00 00 00 00 00 00 00 00 00 00 00 00 00 00 00 00 00 00 00 00 00 00 00 00 00 00 00 00 00 00 
      0A00  00 00 00 00 00 00 00 00 00 00 00 00 00 00 00 00 00 00 00 00 00 00 00 00 00 00 00 00 00 00 00 00 
      0A20  00 00 00 00 00 00 00 00 00 00 00 00 00 00 00 00 00 00 00 00 00 00 00 00 00 00 00 00 00 00 00 00 
      0A40  00 00 00 00 00 00 00 00 00 00 00 00 00 00 00 00 00 00 00 00 00 00 00 00 00 00 00 00 00 00 00 00 
      0A60  00 00 00 00 00 00 00 00 00 00 00 00 00 00 00 00 00 00 00 00 00 00 00 00 00 00 00 00 00 00 00 00 
      0A80  00 00 00 00 00 00 00 00 00 00 00 00 00 00 00 00 00 00 00 00 00 00 00 00 00 00 00 00 00 00 00 00 
      0AA0  00 00 00 00 00 00 00 00 00 00 00 00 00 00 00 00 00 00 00 00 00 00 00 00 00 00 00 00 00 00 00 00 
      0AC0  00 00 00 00 00 00 00 00 00 00 00 00 00 00 00 00 00 00 00 00 00 00 00 00 00 00 00 00 00 00 00 00 
      0AE0  00 00 00 00 00 00 00 00 00 00 00 00 00 00 00 00 00 00 00 00 00 00 00 00 00 00 00 00 00 00 00 00 
      0B00  00 00 00 00 00 00 00 00 00 00 00 00 00 00 00 00 00 00 00 00 00 00 00 00 00 00 00 00 00 00 00 00 
      0B20  00 00 00 00 00 00 00 00 00 00 00 00 00 00 00 00 00 00 00 00 00 00 00 00 00 00 00 00 00 00 00 00 
      0B40  00 00 00 00 00 00 00 00 00 00 00 00 00 00 00 00 00 00 00 00 00 00 00 00 00 00 00 00 00 00 00 00 
      0B60  00 00 00 00 00 00 00 00 00 00 00 00 00 00 00 00 00 00 00 00 00 00 00 00 00 00 00 00 00 00 00 00 
      0B80  00 00 00 00 00 00 00 00 00 00 00 00 00 00 00 00 00 00 00 00 00 00 00 00 00 00 00 00 00 00 00 00 
      0BA0  00 00 00 00 00 00 00 00 00 00 00 00 00 00 00 00 00 00 00 00 00 00 00 00 00 00 00 00 00 00 00 00 
      0BC0  00 00 00 00 00 00 00 00 00 00 00 00 00 00 00 00 00 00 00 00 00 00 00 00 00 00 00 00 00 00 00 00 
      0BE0  00 00 00 00 00 00 00 00 00 00 00 00 00 00 00 00 00 00 00 00 00 00 00 00 00 00 00 00 00 00 00 00 
      0C00  00 00 00 00 00 00 00 00 00 00 00 00 00 00 00 00 00 00 00 00 00 00 00 00 00 00 00 00 00 00 00 00 
      0C20  00 00 00 00 00 00 00 00 00 00 00 00 00 00 00 00 00 00 00 00 00 00 00 00 00 00 00 00 00 00 00 00 
      0C40  00 00 00 00 00 00 00 00 00 00 00 00 00 00 00 00 00 00 00 00 00 00 00 00 00 00 00 00 00 00 00 00 
      0C60  00 00 00 00 00 00 00 00 00 00 00 00 00 00 00 00 00 00 00 00 00 00 00 00 00 00 00 00 00 00 00 00 
      0C80  00 00 00 00 00 00 00 00 00 00 00 00 00 00 00 00 00 00 00 00 00 00 00 00 00 00 00 00 00 00 00 00 
      0CA0  00 00 00 00 00 00 00 00 00 00 00 00 00 00 00 00 00 00 00 00 00 00 00 00 00 00 00 00 00 00 00 00 
      0CC0  00 00 00 00 00 00 00 00 00 00 00 00 00 00 00 00 00 00 00 00 00 00 00 00 00 00 00 00 00 00 00 00 
      0CE0  00 00 00 00 00 00 00 00 00 00 00 00 00 00 00 00 00 00 00 00 00 00 00 00 00 00 00 00 00 00 00 00 
      0D00  00 00 00 00 00 00 00 00 00 00 00 00 00 00 00 00 00 00 00 00 00 00 00 00 00 00 00 00 00 00 00 00 
      0D20  00 00 00 00 00 00 00 00 00 00 00 00 00 00 00 00 00 00 00 00 00 00 00 00 00 00 00 00 00 00 00 00 
      0D40  00 00 00 00 00 00 00 00 00 00 00 00 00 00 00 00 00 00 00 00 00 00 00 00 00 00 00 00 00 00 00 00 
      0D60  00 00 00 00 00 00 00 00 00 00 00 00 00 00 00 00 00 00 00 00 00 00 00 00 00 00 00 00 00 00 00 00 
      0D80  00 00 00 00 00 00 00 00 00 00 00 00 00 00 00 00 00 00 00 00 00 00 00 00 00 00 00 00 00 00 00 00 
      0DA0  00 00 00 00 00 00 00 00 00 00 00 00 00 00 00 00 00 00 00 00 00 00 00 00 00 00 00 00 00 00 00 00 
      0DC0  00 00 00 00 00 00 00 00 00 00 00 00 00 00 00 00 00 00 00 00 00 00 00 00 00 00 00 00 00 00 00 00 
      0DE0  00 00 00 00 00 00 00 00 00 00 00 00 00 00 00 00 00 00 00 00 00 00 00 00 00 00 00 00 00 00 00 00 
      0E00  00 00 00 00 00 00 00 00 00 00 00 00 00 00 00 00 00 00 00 00 00 00 00 00 00 00 00 00 00 00 00 00 
      0E20  00 00 00 00 00 00 00 00 00 00 00 00 00 00 00 00 00 00 00 00 00 00 00 00 00 00 00 00 00 00 00 00 
      0E40  00 00 00 00 00 00 00 00 00 00 00 00 00 00 00 00 00 00 00 00 00 00 00 00 00 00 00 00 00 00 00 00 
      0E60  00 00 00 00 00 00 00 00 00 00 00 00 00 00 00 00 00 00 00 00 00 00 00 00 00 00 00 00 00 00 00 00 
      0E80  00 00 00 00 00 00 00 00 00 00 00 00 00 00 00 00 00 00 00 00 00 00 00 00 00 00 00 00 00 00 00 00 
      0EA0  00 00 00 00 00 00 00 00 00 00 00 00 00 00 00 00 00 00 00 00 00 00 00 00 00 00 00 00 00 00 00 00 
      0EC0  00 00 00 00 00 00 00 00 00 00 00 00 00 00 00 00 00 00 00 00 00 00 00 00 00 00 00 00 00 00 00 00 
      0EE0  00 00 00 00 00 00 00 00 00 00 00 00 00 00 00 00 00 00 00 00 00 00 00 00 00 00 00 00 00 00 00 00 
      0F00  00 00 00 00 00 00 00 00 00 00 00 00 00 00 00 00 00 00 00 00 00 00 00 00 00 00 00 00 00 00 00 00 
      0F20  00 00 00 00 00 00 00 00 00 00 00 00 00 00 00 00 00 00 00 00 00 00 00 00 00 00 00 00 00 00 00 00 
      0F40  00 00 00 00 00 00 00 00 00 00 00 00 00 00 00 00 00 00 00 00 00 00 00 00 00 00 00 00 00 00 00 00 
      0F60  00 00 00 00 00 00 00 00 00 00 00 00 00 00 00 00 00 00 00 00 00 00 00 00 00 00 00 00 00 00 00 00 
      0F80  00 00 00 00 00 00 00 00 00 00 00 00 00 00 00 00 00 00 00 00 00 00 00 00 00 00 00 00 00 00 00 00 
      0FA0  00 00 00 00 00 00 00 00 00 00 00 00 00 00 00 00 00 00 00 00 00 00 00 00 00 00 00 00 00 00 00 00 
      0FC0  00 00 00 00 00 00 00 00 00 00 00 00 00 00 00 00 00 00 00 00 00 00 00 00 00 00 00 00 00 00 00 00 
      0FE0  00 00 00 00 00 00 00 00 00 00 00 00 00 00 00 00 00 00 00 00 00 00 00 00 00 00 00 00 00 00 00 00 
                        	DEFS 4096
1043  1000              __malloc_block:
1044  1000  00 00 00 00 00 00 00 00 00 00 00 00 00 00 00 00 00 00 00 00 00 00 00 00 00 00 00 00 00 00 00 00 
      1020  00 00 00 00 00 00 00 00 00 00 00 00 00 00 00 00 00 00 00 00 00 00 00 00 00 00 00 00 00 00 00 00 
      1040  00 00 00 00 00 00 00 00 00 00 00 00 00 00 00 00 00 00 00 00 00 00 00 00 00 00 00 00 00 00 00 00 
      1060  00 00 00 00 00 00 00 00 00 00 00 00 00 00 00 00 00 00 00 00 00 00 00 00 00 00 00 00 00 00 00 00 
      1080  00 00 00 00 00 00 00 00 00 00 00 00 00 00 00 00 00 00 00 00 00 00 00 00 00 00 00 00 00 00 00 00 
      10A0  00 00 00 00 00 00 00 00 00 00 00 00 00 00 00 00 00 00 00 00 00 00 00 00 00 00 00 00 00 00 00 00 
      10C0  00 00 00 00 00 00 00 00 00 00 00 00 00 00 00 00 00 00 00 00 00 00 00 00 00 00 00 00 00 00 00 00 
      10E0  00 00 00 00 00 00 00 00 00 00 00 00 00 00 00 00 00 00 00 00 00 00 00 00 00 00 00 00 00 00 00 00 
      1100  00 00 00 00 00 00 00 00 00 00 00 00 00 00 00 00 00 00 00 00 00 00 00 00 00 00 00 00 00 00 00 00 
      1120  00 00 00 00 00 00 00 00 00 00 00 00 00 00 00 00 00 00 00 00 00 00 00 00 00 00 00 00 00 00 00 00 
      1140  00 00 00 00 00 00 00 00 00 00 00 00 00 00 00 00 00 00 00 00 00 00 00 00 00 00 00 00 00 00 00 00 
      1160  00 00 00 00 00 00 00 00 00 00 00 00 00 00 00 00 00 00 00 00 00 00 00 00 00 00 00 00 00 00 00 00 
      1180  00 00 00 00 00 00 00 00 00 00 00 00 00 00 00 00 00 00 00 00 00 00 00 00 00 00 00 00 00 00 00 00 
      11A0  00 00 00 00 00 00 00 00 00 00 00 00 00 00 00 00 00 00 00 00 00 00 00 00 00 00 00 00 00 00 00 00 
      11C0  00 00 00 00 00 00 00 00 00 00 00 00 00 00 00 00 00 00 00 00 00 00 00 00 00 00 00 00 00 00 00 00 
      11E0  00 00 00 00 00 00 00 00 00 00 00 00 00 00 00 00 00 00 00 00 00 00 00 00 00 00 00 00 00 00 00 00 
      1200  00 00 00 00 00 00 00 00 00 00 00 00 00 00 00 00 00 00 00 00 00 00 00 00 00 00 00 00 00 00 00 00 
      1220  00 00 00 00 00 00 00 00 00 00 00 00 00 00 00 00 00 00 00 00 00 00 00 00 00 00 00 00 00 00 00 00 
      1240  00 00 00 00 00 00 00 00 00 00 00 00 00 00 00 00 00 00 00 00 00 00 00 00 00 00 00 00 00 00 00 00 
      1260  00 00 00 00 00 00 00 00 00 00 00 00 00 00 00 00 00 00 00 00 00 00 00 00 00 00 00 00 00 00 00 00 
      1280  00 00 00 00 00 00 00 00 00 00 00 00 00 00 00 00 00 00 00 00 00 00 00 00 00 00 00 00 00 00 00 00 
      12A0  00 00 00 00 00 00 00 00 00 00 00 00 00 00 00 00 00 00 00 00 00 00 00 00 00 00 00 00 00 00 00 00 
      12C0  00 00 00 00 00 00 00 00 00 00 00 00 00 00 00 00 00 00 00 00 00 00 00 00 00 00 00 00 00 00 00 00 
      12E0  00 00 00 00 00 00 00 00 00 00 00 00 00 00 00 00 00 00 00 00 00 00 00 00 00 00 00 00 00 00 00 00 
      1300  00 00 00 00 00 00 00 00 00 00 00 00 00 00 00 00 00 00 00 00 00 00 00 00 00 00 00 00 00 00 00 00 
      1320  00 00 00 00 00 00 00 00 00 00 00 00 00 00 00 00 00 00 00 00 00 00 00 00 00 00 00 00 00 00 00 00 
      1340  00 00 00 00 00 00 00 00 00 00 00 00 00 00 00 00 00 00 00 00 00 00 00 00 00 00 00 00 00 00 00 00 
      1360  00 00 00 00 00 00 00 00 00 00 00 00 00 00 00 00 00 00 00 00 00 00 00 00 00 00 00 00 00 00 00 00 
      1380  00 00 00 00 00 00 00 00 00 00 00 00 00 00 00 00 00 00 00 00 00 00 00 00 00 00 00 00 00 00 00 00 
      13A0  00 00 00 00 00 00 00 00 00 00 00 00 00 00 00 00 00 00 00 00 00 00 00 00 00 00 00 00 00 00 00 00 
      13C0  00 00 00 00 00 00 00 00 00 00 00 00 00 00 00 00 00 00 00 00 00 00 00 00 00 00 00 00 00 00 00 00 
      13E0  00 00 00 00 00 00 00 00 00 00 00 00 00 00 00 00 00 00 00 00 00 00 00 00 00 00 00 00 00 00 00 00 
      1400  00 00 00 00 00 00 00 00 00 00 00 00 00 00 00 00 00 00 00 00 00 00 00 00 00 00 00 00 00 00 00 00 
      1420  00 00 00 00 00 00 00 00 00 00 00 00 00 00 00 00 00 00 00 00 00 00 00 00 00 00 00 00 00 00 00 00 
      1440  00 00 00 00 00 00 00 00 00 00 00 00 00 00 00 00 00 00 00 00 00 00 00 00 00 00 00 00 00 00 00 00 
      1460  00 00 00 00 00 00 00 00 00 00 00 00 00 00 00 00 00 00 00 00 00 00 00 00 00 00 00 00 00 00 00 00 
      1480  00 00 00 00 00 00 00 00 00 00 00 00 00 00 00 00 00 00 00 00 00 00 00 00 00 00 00 00 00 00 00 00 
      14A0  00 00 00 00 00 00 00 00 00 00 00 00 00 00 00 00 00 00 00 00 00 00 00 00 00 00 00 00 00 00 00 00 
      14C0  00 00 00 00 00 00 00 00 00 00 00 00 00 00 00 00 00 00 00 00 00 00 00 00 00 00 00 00 00 00 00 00 
      14E0  00 00 00 00 00 00 00 00 00 00 00 00 00 00 00 00 00 00 00 00 00 00 00 00 00 00 00 00 00 00 00 00 
      1500  00 00 00 00 00 00 00 00 00 00 00 00 00 00 00 00 00 00 00 00 00 00 00 00 00 00 00 00 00 00 00 00 
      1520  00 00 00 00 00 00 00 00 00 00 00 00 00 00 00 00 00 00 00 00 00 00 00 00 00 00 00 00 00 00 00 00 
      1540  00 00 00 00 00 00 00 00 00 00 00 00 00 00 00 00 00 00 00 00 00 00 00 00 00 00 00 00 00 00 00 00 
      1560  00 00 00 00 00 00 00 00 00 00 00 00 00 00 00 00 00 00 00 00 00 00 00 00 00 00 00 00 00 00 00 00 
      1580  00 00 00 00 00 00 00 00 00 00 00 00 00 00 00 00 00 00 00 00 00 00 00 00 00 00 00 00 00 00 00 00 
      15A0  00 00 00 00 00 00 00 00 00 00 00 00 00 00 00 00 00 00 00 00 00 00 00 00 00 00 00 00 00 00 00 00 
      15C0  00 00 00 00 00 00 00 00 00 00 00 00 00 00 00 00 00 00 00 00 00 00 00 00 00 00 00 00 00 00 00 00 
      15E0  00 00 00 00 00 00 00 00 00 00 00 00 00 00 00 00 00 00 00 00 00 00 00 00 00 00 00 00 00 00 00 00 
      1600  00 00 00 00 00 00 00 00 00 00 00 00 00 00 00 00 00 00 00 00 00 00 00 00 00 00 00 00 00 00 00 00 
      1620  00 00 00 00 00 00 00 00 00 00 00 00 00 00 00 00 00 00 00 00 00 00 00 00 00 00 00 00 00 00 00 00 
      1640  00 00 00 00 00 00 00 00 00 00 00 00 00 00 00 00 00 00 00 00 00 00 00 00 00 00 00 00 00 00 00 00 
      1660  00 00 00 00 00 00 00 00 00 00 00 00 00 00 00 00 00 00 00 00 00 00 00 00 00 00 00 00 00 00 00 00 
      1680  00 00 00 00 00 00 00 00 00 00 00 00 00 00 00 00 00 00 00 00 00 00 00 00 00 00 00 00 00 00 00 00 
      16A0  00 00 00 00 00 00 00 00 00 00 00 00 00 00 00 00 00 00 00 00 00 00 00 00 00 00 00 00 00 00 00 00 
      16C0  00 00 00 00 00 00 00 00 00 00 00 00 00 00 00 00 00 00 00 00 00 00 00 00 00 00 00 00 00 00 00 00 
      16E0  00 00 00 00 00 00 00 00 00 00 00 00 00 00 00 00 00 00 00 00 00 00 00 00 00 00 00 00 00 00 00 00 
      1700  00 00 00 00 00 00 00 00 00 00 00 00 00 00 00 00 00 00 00 00 00 00 00 00 00 00 00 00 00 00 00 00 
      1720  00 00 00 00 00 00 00 00 00 00 00 00 00 00 00 00 00 00 00 00 00 00 00 00 00 00 00 00 00 00 00 00 
      1740  00 00 00 00 00 00 00 00 00 00 00 00 00 00 00 00 00 00 00 00 00 00 00 00 00 00 00 00 00 00 00 00 
      1760  00 00 00 00 00 00 00 00 00 00 00 00 00 00 00 00 00 00 00 00 00 00 00 00 00 00 00 00 00 00 00 00 
      1780  00 00 00 00 00 00 00 00 00 00 00 00 00 00 00 00 00 00 00 00 00 00 00 00 00 00 00 00 00 00 00 00 
      17A0  00 00 00 00 00 00 00 00 00 00 00 00 00 00 00 00 00 00 00 00 00 00 00 00 00 00 00 00 00 00 00 00 
      17C0  00 00 00 00 00 00 00 00 00 00 00 00 00 00 00 00 00 00 00 00 00 00 00 00 00 00 00 00 00 00 00 00 
      17E0  00 00 00 00 00 00 00 00 00 00 00 00 00 00 00 00 00 00 00 00 00 00 00 00 00 00 00 00 00 00 00 00 
      1800  00 00 00 00 00 00 00 00 00 00 00 00 00 00 00 00 00 00 00 00 00 00 00 00 00 00 00 00 00 00 00 00 
      1820  00 00 00 00 00 00 00 00 00 00 00 00 00 00 00 00 00 00 00 00 00 00 00 00 00 00 00 00 00 00 00 00 
      1840  00 00 00 00 00 00 00 00 00 00 00 00 00 00 00 00 00 00 00 00 00 00 00 00 00 00 00 00 00 00 00 00 
      1860  00 00 00 00 00 00 00 00 00 00 00 00 00 00 00 00 00 00 00 00 00 00 00 00 00 00 00 00 00 00 00 00 
      1880  00 00 00 00 00 00 00 00 00 00 00 00 00 00 00 00 00 00 00 00 00 00 00 00 00 00 00 00 00 00 00 00 
      18A0  00 00 00 00 00 00 00 00 00 00 00 00 00 00 00 00 00 00 00 00 00 00 00 00 00 00 00 00 00 00 00 00 
      18C0  00 00 00 00 00 00 00 00 00 00 00 00 00 00 00 00 00 00 00 00 00 00 00 00 00 00 00 00 00 00 00 00 
      18E0  00 00 00 00 00 00 00 00 00 00 00 00 00 00 00 00 00 00 00 00 00 00 00 00 00 00 00 00 00 00 00 00 
      1900  00 00 00 00 00 00 00 00 00 00 00 00 00 00 00 00 00 00 00 00 00 00 00 00 00 00 00 00 00 00 00 00 
      1920  00 00 00 00 00 00 00 00 00 00 00 00 00 00 00 00 00 00 00 00 00 00 00 00 00 00 00 00 00 00 00 00 
      1940  00 00 00 00 00 00 00 00 00 00 00 00 00 00 00 00 00 00 00 00 00 00 00 00 00 00 00 00 00 00 00 00 
      1960  00 00 00 00 00 00 00 00 00 00 00 00 00 00 00 00 00 00 00 00 00 00 00 00 00 00 00 00 00 00 00 00 
      1980  00 00 00 00 00 00 00 00 00 00 00 00 00 00 00 00 00 00 00 00 00 00 00 00 00 00 00 00 00 00 00 00 
      19A0  00 00 00 00 00 00 00 00 00 00 00 00 00 00 00 00 00 00 00 00 00 00 00 00 00 00 00 00 00 00 00 00 
      19C0  00 00 00 00 00 00 00 00 00 00 00 00 00 00 00 00 00 00 00 00 00 00 00 00 00 00 00 00 00 00 00 00 
      19E0  00 00 00 00 00 00 00 00 00 00 00 00 00 00 00 00 00 00 00 00 00 00 00 00 00 00 00 00 00 00 00 00 
      1A00  00 00 00 00 00 00 00 00 00 00 00 00 00 00 00 00 00 00 00 00 00 00 00 00 00 00 00 00 00 00 00 00 
      1A20  00 00 00 00 00 00 00 00 00 00 00 00 00 00 00 00 00 00 00 00 00 00 00 00 00 00 00 00 00 00 00 00 
      1A40  00 00 00 00 00 00 00 00 00 00 00 00 00 00 00 00 00 00 00 00 00 00 00 00 00 00 00 00 00 00 00 00 
      1A60  00 00 00 00 00 00 00 00 00 00 00 00 00 00 00 00 00 00 00 00 00 00 00 00 00 00 00 00 00 00 00 00 
      1A80  00 00 00 00 00 00 00 00 00 00 00 00 00 00 00 00 00 00 00 00 00 00 00 00 00 00 00 00 00 00 00 00 
      1AA0  00 00 00 00 00 00 00 00 00 00 00 00 00 00 00 00 00 00 00 00 00 00 00 00 00 00 00 00 00 00 00 00 
      1AC0  00 00 00 00 00 00 00 00 00 00 00 00 00 00 00 00 00 00 00 00 00 00 00 00 00 00 00 00 00 00 00 00 
      1AE0  00 00 00 00 00 00 00 00 00 00 00 00 00 00 00 00 00 00 00 00 00 00 00 00 00 00 00 00 00 00 00 00 
      1B00  00 00 00 00 00 00 00 00 00 00 00 00 00 00 00 00 00 00 00 00 00 00 00 00 00 00 00 00 00 00 00 00 
      1B20  00 00 00 00 00 00 00 00 00 00 00 00 00 00 00 00 00 00 00 00 00 00 00 00 00 00 00 00 00 00 00 00 
      1B40  00 00 00 00 00 00 00 00 00 00 00 00 00 00 00 00 00 00 00 00 00 00 00 00 00 00 00 00 00 00 00 00 
      1B60  00 00 00 00 00 00 00 00 00 00 00 00 00 00 00 00 00 00 00 00 00 00 00 00 00 00 00 00 00 00 00 00 
      1B80  00 00 00 00 00 00 00 00 00 00 00 00 00 00 00 00 00 00 00 00 00 00 00 00 00 00 00 00 00 00 00 00 
      1BA0  00 00 00 00 00 00 00 00 00 00 00 00 00 00 00 00 00 00 00 00 00 00 00 00 00 00 00 00 00 00 00 00 
      1BC0  00 00 00 00 00 00 00 00 00 00 00 00 00 00 00 00 00 00 00 00 00 00 00 00 00 00 00 00 00 00 00 00 
      1BE0  00 00 00 00 00 00 00 00 00 00 00 00 00 00 00 00 00 00 00 00 00 00 00 00 00 00 00 00 00 00 00 00 
      1C00  00 00 00 00 00 00 00 00 00 00 00 00 00 00 00 00 00 00 00 00 00 00 00 00 00 00 00 00 00 00 00 00 
      1C20  00 00 00 00 00 00 00 00 00 00 00 00 00 00 00 00 00 00 00 00 00 00 00 00 00 00 00 00 00 00 00 00 
      1C40  00 00 00 00 00 00 00 00 00 00 00 00 00 00 00 00 00 00 00 00 00 00 00 00 00 00 00 00 00 00 00 00 
      1C60  00 00 00 00 00 00 00 00 00 00 00 00 00 00 00 00 00 00 00 00 00 00 00 00 00 00 00 00 00 00 00 00 
      1C80  00 00 00 00 00 00 00 00 00 00 00 00 00 00 00 00 00 00 00 00 00 00 00 00 00 00 00 00 00 00 00 00 
      1CA0  00 00 00 00 00 00 00 00 00 00 00 00 00 00 00 00 00 00 00 00 00 00 00 00 00 00 00 00 00 00 00 00 
      1CC0  00 00 00 00 00 00 00 00 00 00 00 00 00 00 00 00 00 00 00 00 00 00 00 00 00 00 00 00 00 00 00 00 
      1CE0  00 00 00 00 00 00 00 00 00 00 00 00 00 00 00 00 00 00 00 00 00 00 00 00 00 00 00 00 00 00 00 00 
      1D00  00 00 00 00 00 00 00 00 00 00 00 00 00 00 00 00 00 00 00 00 00 00 00 00 00 00 00 00 00 00 00 00 
      1D20  00 00 00 00 00 00 00 00 00 00 00 00 00 00 00 00 00 00 00 00 00 00 00 00 00 00 00 00 00 00 00 00 
      1D40  00 00 00 00 00 00 00 00 00 00 00 00 00 00 00 00 00 00 00 00 00 00 00 00 00 00 00 00 00 00 00 00 
      1D60  00 00 00 00 00 00 00 00 00 00 00 00 00 00 00 00 00 00 00 00 00 00 00 00 00 00 00 00 00 00 00 00 
      1D80  00 00 00 00 00 00 00 00 00 00 00 00 00 00 00 00 00 00 00 00 00 00 00 00 00 00 00 00 00 00 00 00 
      1DA0  00 00 00 00 00 00 00 00 00 00 00 00 00 00 00 00 00 00 00 00 00 00 00 00 00 00 00 00 00 00 00 00 
      1DC0  00 00 00 00 00 00 00 00 00 00 00 00 00 00 00 00 00 00 00 00 00 00 00 00 00 00 00 00 00 00 00 00 
      1DE0  00 00 00 00 00 00 00 00 00 00 00 00 00 00 00 00 00 00 00 00 00 00 00 00 00 00 00 00 00 00 00 00 
      1E00  00 00 00 00 00 00 00 00 00 00 00 00 00 00 00 00 00 00 00 00 00 00 00 00 00 00 00 00 00 00 00 00 
      1E20  00 00 00 00 00 00 00 00 00 00 00 00 00 00 00 00 00 00 00 00 00 00 00 00 00 00 00 00 00 00 00 00 
      1E40  00 00 00 00 00 00 00 00 00 00 00 00 00 00 00 00 00 00 00 00 00 00 00 00 00 00 00 00 00 00 00 00 
      1E60  00 00 00 00 00 00 00 00 00 00 00 00 00 00 00 00 00 00 00 00 00 00 00 00 00 00 00 00 00 00 00 00 
      1E80  00 00 00 00 00 00 00 00 00 00 00 00 00 00 00 00 00 00 00 00 00 00 00 00 00 00 00 00 00 00 00 00 
      1EA0  00 00 00 00 00 00 00 00 00 00 00 00 00 00 00 00 00 00 00 00 00 00 00 00 00 00 00 00 00 00 00 00 
      1EC0  00 00 00 00 00 00 00 00 00 00 00 00 00 00 00 00 00 00 00 00 00 00 00 00 00 00 00 00 00 00 00 00 
      1EE0  00 00 00 00 00 00 00 00 00 00 00 00 00 00 00 00 00 00 00 00 00 00 00 00 00 00 00 00 00 00 00 00 
      1F00  00 00 00 00 00 00 00 00 00 00 00 00 00 00 00 00 00 00 00 00 00 00 00 00 00 00 00 00 00 00 00 00 
      1F20  00 00 00 00 00 00 00 00 00 00 00 00 00 00 00 00 00 00 00 00 00 00 00 00 00 00 00 00 00 00 00 00 
      1F40  00 00 00 00 00 00 00 00 00 00 00 00 00 00 00 00 00 00 00 00 00 00 00 00 00 00 00 00 00 00 00 00 
      1F60  00 00 00 00 00 00 00 00 00 00 00 00 00 00 00 00 00 00 00 00 00 00 00 00 00 00 00 00 00 00 00 00 
      1F80  00 00 00 00 00 00 00 00 00 00 00 00 00 00 00 00 00 00 00 00 00 00 00 00 00 00 00 00 00 00 00 00 
      1FA0  00 00 00 00 00 00 00 00 00 00 00 00 00 00 00 00 00 00 00 00 00 00 00 00 00 00 00 00 00 00 00 00 
      1FC0  00 00 00 00 00 00 00 00 00 00 00 00 00 00 00 00 00 00 00 00 00 00 00 00 00 00 00 00 00 00 00 00 
      1FE0  00 00 00 00 00 00 00 00 00 00 00 00 00 00 00 00 00 00 00 00 00 00 00 00 00 00 00 00 00 00 00 00 
                        	DEFS 4096
1045  2000              _a:
1046  2000  00          	DEFS 1
1047  2001              ;--------------------------------------------------------
1048  2001              ; ram data
1049  2001              ;--------------------------------------------------------
1050  2001              
1051  2001              IF 0
1052  2001              
1053  2001              ; .area _INITIALIZED removed by z88dk
1054  2001              
1055  2001              __malloc_heap:
1056  2001              	DEFS 2
1057  2001              
1058  2001              ENDIF
1059  2001              
1060  2001              ;--------------------------------------------------------
1061  2001              ; absolute external ram data
1062  2001              ;--------------------------------------------------------
1063  2001              	SECTION IGNORE
1064  0000              ;--------------------------------------------------------
1065  0000              ; global & static initialisations
1066  0000              ;--------------------------------------------------------
1067  0000              	SECTION code_crt_init
1068  0000              ;--------------------------------------------------------
1069  0000              ; Home
1070  0000              ;--------------------------------------------------------
1071  0000              	SECTION IGNORE
1072  0000              ;--------------------------------------------------------
1073  0000              ; code
1074  0000              ;--------------------------------------------------------
1075  0000              	SECTION code_compiler
1076  0000              ;	---------------------------------
1077  0000              ; Function main
1078  0000              ; ---------------------------------
1079  0000              _main:
1080  0000  3E 80       	ld	a,0x80
1081  0002  ED 39 DE    	out0	(_CMR), a
1082  0005  ED 4B 00 00 	ld	bc, (__malloc_heap)
1083  0009  21 00 10    	ld	hl,0x1000
1084  000C  E5          	push	hl
1085  000D  C5          	push	bc
1086  000E  CD 00 00    	call	_heap_init_callee
1087  0011  CD 00 00    	call	_asci_0_setup
1088  0014  21 00 00    	ld	hl,___str_0
1089  0017  E5          	push	hl
1090  0018  CD 00 00    	call	_asci_0_puts
1091  001B  C1          	pop	bc
1092  001C  21 11 00    	ld	hl,___str_1
1093  001F  E5          	push	hl
1094  0020  CD 00 00    	call	_asci_0_puts
1095  0023  C1          	pop	bc
1096  0024  CD 00 00    	call	_process_init
1097  0027  CD 00 00    	call	_process_new
1098  002A  22 00 00    	ld	(_current_proc),hl
1099  002D  21 29 00    	ld	hl,___str_2
1100  0030  E5          	push	hl
1101  0031  CD 00 00    	call	_asci_0_puts
1102  0034  C1          	pop	bc
1103  0035  21 40 00    	ld	hl,___str_3
1104  0038  E5          	push	hl
1105  0039  CD 00 00    	call	_asci_0_puts
1106  003C  33          	inc	sp
1107  003D  33          	inc	sp
1108  003E  3E 00       	ld	a,0x00
1109  0040  ED 39 CC    	out0	(_TMDR0L), a
1110  0043  3E 48       	ld	a,0x48
1111  0045  ED 39 CD    	out0	(_TMDR0H), a
1112  0048  3E FF       	ld	a,0xff
1113  004A  ED 39 CE    	out0	(_RLDR0L), a
1114  004D  3E 47       	ld	a,0x47
1115  004F  ED 39 CF    	out0	(_RLDR0H), a
1116  0052  3E 11       	ld	a,0x11
1117  0054  ED 39 D0    	out0	(_TCR), a
1118  0057  21 53 00    	ld	hl,___str_4
1119  005A  E5          	push	hl
1120  005B  CD 00 00    	call	_asci_0_puts
1121  005E  C1          	pop	bc
1122  005F  CD 00 00    	call	_process_new
1123  0062  4D          	ld	c, l
1124  0063  44          	ld	b, h
1125  0064  21 06 00    	ld	hl,0x0006
1126  0067  09          	add	hl, bc
1127  0068  5D          	ld	e,l
1128  0069  54          	ld	d,h
1129  006A  36 00       	ld	(hl),+((_stack2+0x1000) & 0xFF)
1130  006C  23          	inc	hl
1131  006D  36 10       	ld	(hl),+((_stack2+0x1000) / 256)
1132  006F  21 08 00    	ld	hl,0x0008
1133  0072  09          	add	hl, bc
1134  0073  36 80       	ld	(hl),0x80
1135  0075  21 00 10    	ld	hl,+(_stack2 + 0x1000)
1136  0078  22 00 00    	ld	(_interrupt_sp),hl
1137  007B  D5          	push	de
1138  007C  21 AF 00    	ld	hl,_loop
1139  007F  E5          	push	hl
1140  0080  CD 00 00    	call	_context_init
1141  0083  D1          	pop	de
1142  0084  D1          	pop	de
1143  0085  21 00 00    	ld	hl,_interrupt_sp
1144  0088  ED A0       	ldi
1145  008A  7E          	ld	a, (hl)
1146  008B  12          	ld	(de), a
1147  008C  21 65 00    	ld	hl,___str_5
1148  008F  E5          	push	hl
1149  0090  CD 00 00    	call	_asci_0_puts
1150  0093  E1          	pop	hl
1151  0094              l_main_00102:
1152  0094  21 00 20    	ld	hl,_a
1153  0097  7E          	ld	a, (hl)
1154  0098  EE 10       	xor	a,0x10
1155  009A  77          	ld	(hl), a
1156  009B  ED 39 0D    	out0	(_io_led_output), a
1157  009E  21 F4 01    	ld	hl,0x01f4
1158  00A1  CD 00 00    	call	_z180_delay_ms_fastcall
1159  00A4  18 EE       	jr	l_main_00102
1160  00A6              	SECTION rodata_compiler
1161  0000              ___str_0:
1162  0000  0A          	DEFB 0x0a
1163  0001  53 74 61 72 74 69 6E 67 20 5A 4F 53 59 53 
                        	DEFM "Starting ZOSYS"
1164  000F  0A          	DEFB 0x0a
1165  0010  00          	DEFB 0x00
1166  0011              	SECTION rodata_compiler
1167  0011              ___str_1:
1168  0011  49 6E 69 74 69 61 6C 69 7A 69 6E 67 20 70 72 6F 63 65 73 73 65 73 
                        	DEFM "Initializing processes"
1169  0027  0A          	DEFB 0x0a
1170  0028  00          	DEFB 0x00
1171  0029              	SECTION rodata_compiler
1172  0029              ___str_2:
1173  0029  49 6E 69 74 69 61 6C 69 7A 65 64 20 70 72 6F 63 65 73 73 65 73 
                        	DEFM "Initialized processes"
1174  003E  0A          	DEFB 0x0a
1175  003F  00          	DEFB 0x00
1176  0040              	SECTION rodata_compiler
1177  0040              ___str_3:
1178  0040  49 6E 69 74 69 61 6C 69 7A 69 6E 67 20 50 52 54 30 
                        	DEFM "Initializing PRT0"
1179  0051  0A          	DEFB 0x0a
1180  0052  00          	DEFB 0x00
1181  0053              	SECTION rodata_compiler
1182  0053              ___str_4:
1183  0053  49 6E 69 74 69 61 6C 69 7A 65 64 20 50 52 54 30 
                        	DEFM "Initialized PRT0"
1184  0063  0A          	DEFB 0x0a
1185  0064  00          	DEFB 0x00
1186  0065              	SECTION rodata_compiler
1187  0065              ___str_5:
1188  0065  53 74 61 72 74 65 64 20 5A 4F 53 59 53 
                        	DEFM "Started ZOSYS"
1189  0072  0A          	DEFB 0x0a
1190  0073  00          	DEFB 0x00
1191  0074              	SECTION code_compiler
1192  00A6              ;	---------------------------------
1193  00A6              ; Function int0
1194  00A6              ; ---------------------------------
1195  00A6              _int0:
1196  00A6  21 74 00    	ld	hl,___str_6
1197  00A9  E5          	push	hl
1198  00AA  CD 00 00    	call	_asci_0_puts
1199  00AD  C1          	pop	bc
1200  00AE  C9          	ret
1201  00AF              	SECTION rodata_compiler
1202  0074              ___str_6:
1203  0074  49 4E 54 30 	DEFM "INT0"
1204  0078  0A          	DEFB 0x0a
1205  0079  00          	DEFB 0x00
1206  007A              	SECTION code_compiler
1207  00AF              ;	---------------------------------
1208  00AF              ; Function loop
1209  00AF              ; ---------------------------------
1210  00AF              _loop:
1211  00AF  3E 00       	ld	a, 0
1212  00B1  CF          	rst	8
1213  00B2  3E 01       	ld	a, 1
1214  00B4  CF          	rst	8
1215  00B5  3E 02       	ld	a, 2
1216  00B7  CF          	rst	8
1217  00B8              l_loop_00102:
1218  00B8  21 00 20    	ld	hl,_a
1219  00BB  7E          	ld	a, (hl)
1220  00BC  EE 20       	xor	a,0x20
1221  00BE  77          	ld	(hl), a
1222  00BF  ED 39 0D    	out0	(_io_led_output), a
1223  00C2  21 F4 01    	ld	hl,0x01f4
1224  00C5  CD 00 00    	call	_z180_delay_ms_fastcall
1225  00C8  18 EE       	jr	l_loop_00102
1226  00CA              	SECTION code_compiler
1227  00CA              ;	---------------------------------
1228  00CA              ; Function sys_0
1229  00CA              ; ---------------------------------
1230  00CA              _sys_0:
1231  00CA  21 7A 00    	ld	hl,___str_7
1232  00CD  E5          	push	hl
1233  00CE  CD 00 00    	call	_asci_0_puts
1234  00D1  C1          	pop	bc
1235  00D2  C9          	ret
1236  00D3              	SECTION rodata_compiler
1237  007A              ___str_7:
1238  007A  73 79 73 63 61 6C 6C 20 30 
                        	DEFM "syscall 0"
1239  0083  0A          	DEFB 0x0a
1240  0084  00          	DEFB 0x00
1241  0085              	SECTION code_compiler
1242  00D3              ;	---------------------------------
1243  00D3              ; Function sys_1
1244  00D3              ; ---------------------------------
1245  00D3              _sys_1:
1246  00D3  21 85 00    	ld	hl,___str_8
1247  00D6  E5          	push	hl
1248  00D7  CD 00 00    	call	_asci_0_puts
1249  00DA  C1          	pop	bc
1250  00DB  C9          	ret
1251  00DC              	SECTION rodata_compiler
1252  0085              ___str_8:
1253  0085  73 79 73 63 61 6C 6C 20 31 
                        	DEFM "syscall 1"
1254  008E  0A          	DEFB 0x0a
1255  008F  00          	DEFB 0x00
1256  0090              	SECTION code_compiler
1257  00DC              ;	---------------------------------
1258  00DC              ; Function int_prt0
1259  00DC              ; ---------------------------------
1260  00DC              _int_prt0:
1261  00DC  ED 38 D0    	in0	a, (_TCR)
1262  00DF  ED 38 CC    	in0	a, (_TMDR0L)
1263  00E2  2A 00 00    	ld	hl,(_current_proc)
1264  00E5  CD 00 00    	call	_p_list_next_fastcall
1265  00E8  7C          	ld	a,h
1266  00E9  B5          	or	a,l
1267  00EA  4D          	ld	c,l
1268  00EB  44          	ld	b,h
1269  00EC  20 08       	jr	NZ,l_int_prt0_00102
1270  00EE  21 00 00    	ld	hl,_proc_list
1271  00F1  CD 00 00    	call	_p_list_front_fastcall
1272  00F4  4D          	ld	c, l
1273  00F5  44          	ld	b, h
1274  00F6              l_int_prt0_00102:
1275  00F6  78          	ld	a, b
1276  00F7  B1          	or	a, c
1277  00F8  C8          	ret	Z
1278  00F9  ED 5B 00 00 	ld	de, (_current_proc)
1279  00FD  21 06 00    	ld	hl,0x0006
1280  0100  19          	add	hl, de
1281  0101  EB          	ex	de, hl
1282  0102  21 00 00    	ld	hl,_interrupt_sp
1283  0105  ED A0       	ldi
1284  0107  03          	inc	bc
1285  0108  7E          	ld	a, (hl)
1286  0109  12          	ld	(de), a
1287  010A  ED 5B 00 00 	ld	de, (_current_proc)
1288  010E  21 08 00    	ld	hl,0x0008
1289  0111  19          	add	hl, de
1290  0112  EB          	ex	de, hl
1291  0113  ED 38 F8    	in0	a, (_CBR)
1292  0116  12          	ld	(de), a
1293  0117  69          	ld	l,c
1294  0118  60          	ld	h,b
1295  0119  23          	inc	hl
1296  011A  23          	inc	hl
1297  011B  23          	inc	hl
1298  011C  23          	inc	hl
1299  011D  23          	inc	hl
1300  011E  23          	inc	hl
1301  011F  11 00 00    	ld	de,_interrupt_sp
1302  0122  ED A0       	ldi
1303  0124  03          	inc	bc
1304  0125  7E          	ld	a,(hl)
1305  0126  12          	ld	(de),a
1306  0127  69          	ld	l, c
1307  0128  60          	ld	h, b
1308  0129  11 08 00    	ld	de,0x0008
1309  012C  19          	add	hl, de
1310  012D  7E          	ld	a, (hl)
1311  012E  ED 39 F8    	out0	(_CBR), a
1312  0131  ED 43 00 00 	ld	(_current_proc), bc
1313  0135  3A 00 20    	ld	a,(_a)
1314  0138  E6 F0       	and	a,0xf0
1315  013A  4F          	ld	c, a
1316  013B  2A 00 00    	ld	hl,(_current_proc)
1317  013E  11 04 00    	ld	de,0x0004
1318  0141  19          	add	hl, de
1319  0142  7E          	ld	a, (hl)
1320  0143  B1          	or	a, c
1321  0144  21 00 20    	ld	hl,_a
1322  0147  77          	ld	(hl), a
1323  0148  ED 39 0D    	out0	(_io_led_output), a
1324  014B  C9          	ret
1325  014C              	SECTION data_compiler
1326  0000              __malloc_heap:
1327  0000  00 10       	DEFW __malloc_block
1328  0002              	SECTION IGNORE
1329  0000              
