1     0000              MODULE process_c
2     0000              LINE 0, "src/process.c"
0     0000              
1     0000              ;--------------------------------------------------------
2     0000              ; File Created by SDCC : free open source ANSI-C Compiler
3     0000              ; Version 3.9.1 #11310 (MINGW64)
4     0000              ;--------------------------------------------------------
5     0000              ; Processed by Z88DK
6     0000              ;--------------------------------------------------------
7     0000              
8     0000              	EXTERN __divschar
9     0000              	EXTERN __divschar_callee
10    0000              	EXTERN __divsint
11    0000              	EXTERN __divsint_callee
12    0000              	EXTERN __divslong
13    0000              	EXTERN __divslong_callee
14    0000              	EXTERN __divslonglong
15    0000              	EXTERN __divslonglong_callee
16    0000              	EXTERN __divsuchar
17    0000              	EXTERN __divsuchar_callee
18    0000              	EXTERN __divuchar
19    0000              	EXTERN __divuchar_callee
20    0000              	EXTERN __divuint
21    0000              	EXTERN __divuint_callee
22    0000              	EXTERN __divulong
23    0000              	EXTERN __divulong_callee
24    0000              	EXTERN __divulonglong
25    0000              	EXTERN __divulonglong_callee
26    0000              	EXTERN __divuschar
27    0000              	EXTERN __divuschar_callee
28    0000              	EXTERN __modschar
29    0000              	EXTERN __modschar_callee
30    0000              	EXTERN __modsint
31    0000              	EXTERN __modsint_callee
32    0000              	EXTERN __modslong
33    0000              	EXTERN __modslong_callee
34    0000              	EXTERN __modslonglong
35    0000              	EXTERN __modslonglong_callee
36    0000              	EXTERN __modsuchar
37    0000              	EXTERN __modsuchar_callee
38    0000              	EXTERN __moduchar
39    0000              	EXTERN __moduchar_callee
40    0000              	EXTERN __moduint
41    0000              	EXTERN __moduint_callee
42    0000              	EXTERN __modulong
43    0000              	EXTERN __modulong_callee
44    0000              	EXTERN __modulonglong
45    0000              	EXTERN __modulonglong_callee
46    0000              	EXTERN __moduschar
47    0000              	EXTERN __moduschar_callee
48    0000              	EXTERN __mulint
49    0000              	EXTERN __mulint_callee
50    0000              	EXTERN __mullong
51    0000              	EXTERN __mullong_callee
52    0000              	EXTERN __mullonglong
53    0000              	EXTERN __mullonglong_callee
54    0000              	EXTERN __mulschar
55    0000              	EXTERN __mulschar_callee
56    0000              	EXTERN __mulsuchar
57    0000              	EXTERN __mulsuchar_callee
58    0000              	EXTERN __muluschar
59    0000              	EXTERN __muluschar_callee
60    0000              	EXTERN __rlslonglong
61    0000              	EXTERN __rlslonglong_callee
62    0000              	EXTERN __rlulonglong
63    0000              	EXTERN __rlulonglong_callee
64    0000              	EXTERN __rrslonglong
65    0000              	EXTERN __rrslonglong_callee
66    0000              	EXTERN __rrulonglong
67    0000              	EXTERN __rrulonglong_callee
68    0000              	EXTERN ___sdcc_call_hl
69    0000              	EXTERN ___sdcc_call_iy
70    0000              	EXTERN ___sdcc_enter_ix
71    0000              	EXTERN _banked_call
72    0000              	EXTERN _banked_ret
73    0000              	EXTERN ___fs2schar
74    0000              	EXTERN ___fs2schar_callee
75    0000              	EXTERN ___fs2sint
76    0000              	EXTERN ___fs2sint_callee
77    0000              	EXTERN ___fs2slong
78    0000              	EXTERN ___fs2slong_callee
79    0000              	EXTERN ___fs2slonglong
80    0000              	EXTERN ___fs2slonglong_callee
81    0000              	EXTERN ___fs2uchar
82    0000              	EXTERN ___fs2uchar_callee
83    0000              	EXTERN ___fs2uint
84    0000              	EXTERN ___fs2uint_callee
85    0000              	EXTERN ___fs2ulong
86    0000              	EXTERN ___fs2ulong_callee
87    0000              	EXTERN ___fs2ulonglong
88    0000              	EXTERN ___fs2ulonglong_callee
89    0000              	EXTERN ___fsadd
90    0000              	EXTERN ___fsadd_callee
91    0000              	EXTERN ___fsdiv
92    0000              	EXTERN ___fsdiv_callee
93    0000              	EXTERN ___fseq
94    0000              	EXTERN ___fseq_callee
95    0000              	EXTERN ___fsgt
96    0000              	EXTERN ___fsgt_callee
97    0000              	EXTERN ___fslt
98    0000              	EXTERN ___fslt_callee
99    0000              	EXTERN ___fsmul
100   0000              	EXTERN ___fsmul_callee
101   0000              	EXTERN ___fsneq
102   0000              	EXTERN ___fsneq_callee
103   0000              	EXTERN ___fssub
104   0000              	EXTERN ___fssub_callee
105   0000              	EXTERN ___schar2fs
106   0000              	EXTERN ___schar2fs_callee
107   0000              	EXTERN ___sint2fs
108   0000              	EXTERN ___sint2fs_callee
109   0000              	EXTERN ___slong2fs
110   0000              	EXTERN ___slong2fs_callee
111   0000              	EXTERN ___slonglong2fs
112   0000              	EXTERN ___slonglong2fs_callee
113   0000              	EXTERN ___uchar2fs
114   0000              	EXTERN ___uchar2fs_callee
115   0000              	EXTERN ___uint2fs
116   0000              	EXTERN ___uint2fs_callee
117   0000              	EXTERN ___ulong2fs
118   0000              	EXTERN ___ulong2fs_callee
119   0000              	EXTERN ___ulonglong2fs
120   0000              	EXTERN ___ulonglong2fs_callee
121   0000              	EXTERN ____sdcc_2_copy_src_mhl_dst_deix
122   0000              	EXTERN ____sdcc_2_copy_src_mhl_dst_bcix
123   0000              	EXTERN ____sdcc_4_copy_src_mhl_dst_deix
124   0000              	EXTERN ____sdcc_4_copy_src_mhl_dst_bcix
125   0000              	EXTERN ____sdcc_4_copy_src_mhl_dst_mbc
126   0000              	EXTERN ____sdcc_4_ldi_nosave_bc
127   0000              	EXTERN ____sdcc_4_ldi_save_bc
128   0000              	EXTERN ____sdcc_4_push_hlix
129   0000              	EXTERN ____sdcc_4_push_mhl
130   0000              	EXTERN ____sdcc_lib_setmem_hl
131   0000              	EXTERN ____sdcc_ll_add_de_bc_hl
132   0000              	EXTERN ____sdcc_ll_add_de_bc_hlix
133   0000              	EXTERN ____sdcc_ll_add_de_hlix_bc
134   0000              	EXTERN ____sdcc_ll_add_de_hlix_bcix
135   0000              	EXTERN ____sdcc_ll_add_deix_bc_hl
136   0000              	EXTERN ____sdcc_ll_add_deix_hlix
137   0000              	EXTERN ____sdcc_ll_add_hlix_bc_deix
138   0000              	EXTERN ____sdcc_ll_add_hlix_deix_bc
139   0000              	EXTERN ____sdcc_ll_add_hlix_deix_bcix
140   0000              	EXTERN ____sdcc_ll_asr_hlix_a
141   0000              	EXTERN ____sdcc_ll_asr_mbc_a
142   0000              	EXTERN ____sdcc_ll_copy_src_de_dst_hlix
143   0000              	EXTERN ____sdcc_ll_copy_src_de_dst_hlsp
144   0000              	EXTERN ____sdcc_ll_copy_src_deix_dst_hl
145   0000              	EXTERN ____sdcc_ll_copy_src_deix_dst_hlix
146   0000              	EXTERN ____sdcc_ll_copy_src_deixm_dst_hlsp
147   0000              	EXTERN ____sdcc_ll_copy_src_desp_dst_hlsp
148   0000              	EXTERN ____sdcc_ll_copy_src_hl_dst_de
149   0000              	EXTERN ____sdcc_ll_copy_src_hlsp_dst_de
150   0000              	EXTERN ____sdcc_ll_copy_src_hlsp_dst_deixm
151   0000              	EXTERN ____sdcc_ll_lsl_hlix_a
152   0000              	EXTERN ____sdcc_ll_lsl_mbc_a
153   0000              	EXTERN ____sdcc_ll_lsr_hlix_a
154   0000              	EXTERN ____sdcc_ll_lsr_mbc_a
155   0000              	EXTERN ____sdcc_ll_push_hlix
156   0000              	EXTERN ____sdcc_ll_push_mhl
157   0000              	EXTERN ____sdcc_ll_sub_de_bc_hl
158   0000              	EXTERN ____sdcc_ll_sub_de_bc_hlix
159   0000              	EXTERN ____sdcc_ll_sub_de_hlix_bc
160   0000              	EXTERN ____sdcc_ll_sub_de_hlix_bcix
161   0000              	EXTERN ____sdcc_ll_sub_deix_bc_hl
162   0000              	EXTERN ____sdcc_ll_sub_deix_hlix
163   0000              	EXTERN ____sdcc_ll_sub_hlix_bc_deix
164   0000              	EXTERN ____sdcc_ll_sub_hlix_deix_bc
165   0000              	EXTERN ____sdcc_ll_sub_hlix_deix_bcix
166   0000              	EXTERN ____sdcc_load_debc_deix
167   0000              	EXTERN ____sdcc_load_dehl_deix
168   0000              	EXTERN ____sdcc_load_debc_mhl
169   0000              	EXTERN ____sdcc_load_hlde_mhl
170   0000              	EXTERN ____sdcc_store_dehl_bcix
171   0000              	EXTERN ____sdcc_store_debc_hlix
172   0000              	EXTERN ____sdcc_store_debc_mhl
173   0000              	EXTERN ____sdcc_cpu_pop_ei
174   0000              	EXTERN ____sdcc_cpu_pop_ei_jp
175   0000              	EXTERN ____sdcc_cpu_push_di
176   0000              	EXTERN ____sdcc_outi
177   0000              	EXTERN ____sdcc_outi_128
178   0000              	EXTERN ____sdcc_outi_256
179   0000              	EXTERN ____sdcc_ldi
180   0000              	EXTERN ____sdcc_ldi_128
181   0000              	EXTERN ____sdcc_ldi_256
182   0000              	EXTERN ____sdcc_4_copy_srcd_hlix_dst_deix
183   0000              	EXTERN ____sdcc_4_and_src_mbc_mhl_dst_deix
184   0000              	EXTERN ____sdcc_4_or_src_mbc_mhl_dst_deix
185   0000              	EXTERN ____sdcc_4_xor_src_mbc_mhl_dst_deix
186   0000              	EXTERN ____sdcc_4_or_src_dehl_dst_bcix
187   0000              	EXTERN ____sdcc_4_xor_src_dehl_dst_bcix
188   0000              	EXTERN ____sdcc_4_and_src_dehl_dst_bcix
189   0000              	EXTERN ____sdcc_4_xor_src_mbc_mhl_dst_debc
190   0000              	EXTERN ____sdcc_4_or_src_mbc_mhl_dst_debc
191   0000              	EXTERN ____sdcc_4_and_src_mbc_mhl_dst_debc
192   0000              	EXTERN ____sdcc_4_cpl_src_mhl_dst_debc
193   0000              	EXTERN ____sdcc_4_xor_src_debc_mhl_dst_debc
194   0000              	EXTERN ____sdcc_4_or_src_debc_mhl_dst_debc
195   0000              	EXTERN ____sdcc_4_and_src_debc_mhl_dst_debc
196   0000              	EXTERN ____sdcc_4_and_src_debc_hlix_dst_debc
197   0000              	EXTERN ____sdcc_4_or_src_debc_hlix_dst_debc
198   0000              	EXTERN ____sdcc_4_xor_src_debc_hlix_dst_debc
199   0000              
200   0000              ;--------------------------------------------------------
201   0000              ; Public variables in this module
202   0000              ;--------------------------------------------------------
203   0000              	GLOBAL _next_pid
204   0000              	GLOBAL _current_proc
205   0000              	GLOBAL _proc_list
206   0000              	GLOBAL _process_init
207   0000              	GLOBAL _process_new
208   0000              ;--------------------------------------------------------
209   0000              ; Externals used
210   0000              ;--------------------------------------------------------
211   0000              	GLOBAL _ulltoa_callee
212   0000              	GLOBAL _ulltoa
213   0000              	GLOBAL _strtoull_callee
214   0000              	GLOBAL _strtoull
215   0000              	GLOBAL _strtoll_callee
216   0000              	GLOBAL _strtoll
217   0000              	GLOBAL _lltoa_callee
218   0000              	GLOBAL _lltoa
219   0000              	GLOBAL _llabs_callee
220   0000              	GLOBAL _llabs
221   0000              	GLOBAL __lldivu__callee
222   0000              	GLOBAL __lldivu_
223   0000              	GLOBAL __lldiv__callee
224   0000              	GLOBAL __lldiv_
225   0000              	GLOBAL _atoll_callee
226   0000              	GLOBAL _atoll
227   0000              	GLOBAL _realloc_unlocked_callee
228   0000              	GLOBAL _realloc_unlocked
229   0000              	GLOBAL _malloc_unlocked_fastcall
230   0000              	GLOBAL _malloc_unlocked
231   0000              	GLOBAL _free_unlocked_fastcall
232   0000              	GLOBAL _free_unlocked
233   0000              	GLOBAL _calloc_unlocked_callee
234   0000              	GLOBAL _calloc_unlocked
235   0000              	GLOBAL _aligned_alloc_unlocked_callee
236   0000              	GLOBAL _aligned_alloc_unlocked
237   0000              	GLOBAL _realloc_callee
238   0000              	GLOBAL _realloc
239   0000              	GLOBAL _malloc_fastcall
240   0000              	GLOBAL _malloc
241   0000              	GLOBAL _free_fastcall
242   0000              	GLOBAL _free
243   0000              	GLOBAL _calloc_callee
244   0000              	GLOBAL _calloc
245   0000              	GLOBAL _aligned_alloc_callee
246   0000              	GLOBAL _aligned_alloc
247   0000              	GLOBAL _utoa_callee
248   0000              	GLOBAL _utoa
249   0000              	GLOBAL _ultoa_callee
250   0000              	GLOBAL _ultoa
251   0000              	GLOBAL _system_fastcall
252   0000              	GLOBAL _system
253   0000              	GLOBAL _strtoul_callee
254   0000              	GLOBAL _strtoul
255   0000              	GLOBAL _strtol_callee
256   0000              	GLOBAL _strtol
257   0000              	GLOBAL _strtof_callee
258   0000              	GLOBAL _strtof
259   0000              	GLOBAL _strtod_callee
260   0000              	GLOBAL _strtod
261   0000              	GLOBAL _srand_fastcall
262   0000              	GLOBAL _srand
263   0000              	GLOBAL _rand
264   0000              	GLOBAL _quick_exit_fastcall
265   0000              	GLOBAL _quick_exit
266   0000              	GLOBAL _qsort_callee
267   0000              	GLOBAL _qsort
268   0000              	GLOBAL _ltoa_callee
269   0000              	GLOBAL _ltoa
270   0000              	GLOBAL _labs_fastcall
271   0000              	GLOBAL _labs
272   0000              	GLOBAL _itoa_callee
273   0000              	GLOBAL _itoa
274   0000              	GLOBAL _ftoh_callee
275   0000              	GLOBAL _ftoh
276   0000              	GLOBAL _ftog_callee
277   0000              	GLOBAL _ftog
278   0000              	GLOBAL _ftoe_callee
279   0000              	GLOBAL _ftoe
280   0000              	GLOBAL _ftoa_callee
281   0000              	GLOBAL _ftoa
282   0000              	GLOBAL _exit_fastcall
283   0000              	GLOBAL _exit
284   0000              	GLOBAL _dtoh_callee
285   0000              	GLOBAL _dtoh
286   0000              	GLOBAL _dtog_callee
287   0000              	GLOBAL _dtog
288   0000              	GLOBAL _dtoe_callee
289   0000              	GLOBAL _dtoe
290   0000              	GLOBAL _dtoa_callee
291   0000              	GLOBAL _dtoa
292   0000              	GLOBAL _bsearch_callee
293   0000              	GLOBAL _bsearch
294   0000              	GLOBAL _atol_fastcall
295   0000              	GLOBAL _atol
296   0000              	GLOBAL _atoi_fastcall
297   0000              	GLOBAL _atoi
298   0000              	GLOBAL _atof_fastcall
299   0000              	GLOBAL _atof
300   0000              	GLOBAL _atexit_fastcall
301   0000              	GLOBAL _atexit
302   0000              	GLOBAL _at_quick_exit_fastcall
303   0000              	GLOBAL _at_quick_exit
304   0000              	GLOBAL _abs_fastcall
305   0000              	GLOBAL _abs
306   0000              	GLOBAL _abort
307   0000              	GLOBAL __strtou__callee
308   0000              	GLOBAL __strtou_
309   0000              	GLOBAL __strtoi__callee
310   0000              	GLOBAL __strtoi_
311   0000              	GLOBAL __random_uniform_xor_8__fastcall
312   0000              	GLOBAL __random_uniform_xor_8_
313   0000              	GLOBAL __random_uniform_xor_32__fastcall
314   0000              	GLOBAL __random_uniform_xor_32_
315   0000              	GLOBAL __random_uniform_cmwc_8__fastcall
316   0000              	GLOBAL __random_uniform_cmwc_8_
317   0000              	GLOBAL __shellsort__callee
318   0000              	GLOBAL __shellsort_
319   0000              	GLOBAL __quicksort__callee
320   0000              	GLOBAL __quicksort_
321   0000              	GLOBAL __insertion_sort__callee
322   0000              	GLOBAL __insertion_sort_
323   0000              	GLOBAL __ldivu__callee
324   0000              	GLOBAL __ldivu_
325   0000              	GLOBAL __ldiv__callee
326   0000              	GLOBAL __ldiv_
327   0000              	GLOBAL __divu__callee
328   0000              	GLOBAL __divu_
329   0000              	GLOBAL __div__callee
330   0000              	GLOBAL __div_
331   0000              	GLOBAL _z180_otdmr_callee
332   0000              	GLOBAL _z180_otdmr
333   0000              	GLOBAL _z180_otimr_callee
334   0000              	GLOBAL _z180_otimr
335   0000              	GLOBAL _z180_otdr_callee
336   0000              	GLOBAL _z180_otdr
337   0000              	GLOBAL _z180_otir_callee
338   0000              	GLOBAL _z180_otir
339   0000              	GLOBAL _z180_outp_callee
340   0000              	GLOBAL _z180_outp
341   0000              	GLOBAL _z180_indr_callee
342   0000              	GLOBAL _z180_indr
343   0000              	GLOBAL _z180_inir_callee
344   0000              	GLOBAL _z180_inir
345   0000              	GLOBAL _z180_inp_fastcall
346   0000              	GLOBAL _z180_inp
347   0000              	GLOBAL _z180_set_int_state_fastcall
348   0000              	GLOBAL _z180_set_int_state
349   0000              	GLOBAL _z180_get_int_state
350   0000              	GLOBAL _z180_delay_tstate_fastcall
351   0000              	GLOBAL _z180_delay_tstate
352   0000              	GLOBAL _z180_delay_ms_fastcall
353   0000              	GLOBAL _z180_delay_ms
354   0000              	GLOBAL _im2_remove_generic_callback_callee
355   0000              	GLOBAL _im2_remove_generic_callback
356   0000              	GLOBAL _im2_prepend_generic_callback_callee
357   0000              	GLOBAL _im2_prepend_generic_callback
358   0000              	GLOBAL _im2_append_generic_callback_callee
359   0000              	GLOBAL _im2_append_generic_callback
360   0000              	GLOBAL _im2_create_generic_isr_8080_callee
361   0000              	GLOBAL _im2_create_generic_isr_8080
362   0000              	GLOBAL _im2_create_generic_isr_callee
363   0000              	GLOBAL _im2_create_generic_isr
364   0000              	GLOBAL _im2_install_isr_callee
365   0000              	GLOBAL _im2_install_isr
366   0000              	GLOBAL _im2_init_fastcall
367   0000              	GLOBAL _im2_init
368   0000              	GLOBAL _wv_stack_top_fastcall
369   0000              	GLOBAL _wv_stack_top
370   0000              	GLOBAL _wv_stack_size_fastcall
371   0000              	GLOBAL _wv_stack_size
372   0000              	GLOBAL _wv_stack_shrink_to_fit_fastcall
373   0000              	GLOBAL _wv_stack_shrink_to_fit
374   0000              	GLOBAL _wv_stack_reserve_callee
375   0000              	GLOBAL _wv_stack_reserve
376   0000              	GLOBAL _wv_stack_push_callee
377   0000              	GLOBAL _wv_stack_push
378   0000              	GLOBAL _wv_stack_pop_fastcall
379   0000              	GLOBAL _wv_stack_pop
380   0000              	GLOBAL _wv_stack_max_size_fastcall
381   0000              	GLOBAL _wv_stack_max_size
382   0000              	GLOBAL _wv_stack_init_callee
383   0000              	GLOBAL _wv_stack_init
384   0000              	GLOBAL _wv_stack_empty_fastcall
385   0000              	GLOBAL _wv_stack_empty
386   0000              	GLOBAL _wv_stack_destroy_fastcall
387   0000              	GLOBAL _wv_stack_destroy
388   0000              	GLOBAL _wv_stack_clear_fastcall
389   0000              	GLOBAL _wv_stack_clear
390   0000              	GLOBAL _wv_stack_capacity_fastcall
391   0000              	GLOBAL _wv_stack_capacity
392   0000              	GLOBAL _wv_priority_queue_top_fastcall
393   0000              	GLOBAL _wv_priority_queue_top
394   0000              	GLOBAL _wv_priority_queue_size_fastcall
395   0000              	GLOBAL _wv_priority_queue_size
396   0000              	GLOBAL _wv_priority_queue_shrink_to_fit_fastcall
397   0000              	GLOBAL _wv_priority_queue_shrink_to_fit
398   0000              	GLOBAL _wv_priority_queue_resize_callee
399   0000              	GLOBAL _wv_priority_queue_resize
400   0000              	GLOBAL _wv_priority_queue_reserve_callee
401   0000              	GLOBAL _wv_priority_queue_reserve
402   0000              	GLOBAL _wv_priority_queue_push_callee
403   0000              	GLOBAL _wv_priority_queue_push
404   0000              	GLOBAL _wv_priority_queue_pop_fastcall
405   0000              	GLOBAL _wv_priority_queue_pop
406   0000              	GLOBAL _wv_priority_queue_max_size_fastcall
407   0000              	GLOBAL _wv_priority_queue_max_size
408   0000              	GLOBAL _wv_priority_queue_init_callee
409   0000              	GLOBAL _wv_priority_queue_init
410   0000              	GLOBAL _wv_priority_queue_empty_fastcall
411   0000              	GLOBAL _wv_priority_queue_empty
412   0000              	GLOBAL _wv_priority_queue_destroy_fastcall
413   0000              	GLOBAL _wv_priority_queue_destroy
414   0000              	GLOBAL _wv_priority_queue_data_fastcall
415   0000              	GLOBAL _wv_priority_queue_data
416   0000              	GLOBAL _wv_priority_queue_clear_fastcall
417   0000              	GLOBAL _wv_priority_queue_clear
418   0000              	GLOBAL _wv_priority_queue_capacity_fastcall
419   0000              	GLOBAL _wv_priority_queue_capacity
420   0000              	GLOBAL _wa_stack_top_fastcall
421   0000              	GLOBAL _wa_stack_top
422   0000              	GLOBAL _wa_stack_size_fastcall
423   0000              	GLOBAL _wa_stack_size
424   0000              	GLOBAL _wa_stack_push_callee
425   0000              	GLOBAL _wa_stack_push
426   0000              	GLOBAL _wa_stack_pop_fastcall
427   0000              	GLOBAL _wa_stack_pop
428   0000              	GLOBAL _wa_stack_init_callee
429   0000              	GLOBAL _wa_stack_init
430   0000              	GLOBAL _wa_stack_empty_fastcall
431   0000              	GLOBAL _wa_stack_empty
432   0000              	GLOBAL _wa_stack_destroy_fastcall
433   0000              	GLOBAL _wa_stack_destroy
434   0000              	GLOBAL _wa_stack_clear_fastcall
435   0000              	GLOBAL _wa_stack_clear
436   0000              	GLOBAL _wa_stack_capacity_fastcall
437   0000              	GLOBAL _wa_stack_capacity
438   0000              	GLOBAL _wa_priority_queue_top_fastcall
439   0000              	GLOBAL _wa_priority_queue_top
440   0000              	GLOBAL _wa_priority_queue_size_fastcall
441   0000              	GLOBAL _wa_priority_queue_size
442   0000              	GLOBAL _wa_priority_queue_resize_callee
443   0000              	GLOBAL _wa_priority_queue_resize
444   0000              	GLOBAL _wa_priority_queue_push_callee
445   0000              	GLOBAL _wa_priority_queue_push
446   0000              	GLOBAL _wa_priority_queue_pop_fastcall
447   0000              	GLOBAL _wa_priority_queue_pop
448   0000              	GLOBAL _wa_priority_queue_init_callee
449   0000              	GLOBAL _wa_priority_queue_init
450   0000              	GLOBAL _wa_priority_queue_empty_fastcall
451   0000              	GLOBAL _wa_priority_queue_empty
452   0000              	GLOBAL _wa_priority_queue_destroy_fastcall
453   0000              	GLOBAL _wa_priority_queue_destroy
454   0000              	GLOBAL _wa_priority_queue_data_fastcall
455   0000              	GLOBAL _wa_priority_queue_data
456   0000              	GLOBAL _wa_priority_queue_clear_fastcall
457   0000              	GLOBAL _wa_priority_queue_clear
458   0000              	GLOBAL _wa_priority_queue_capacity_fastcall
459   0000              	GLOBAL _wa_priority_queue_capacity
460   0000              	GLOBAL _w_vector_size_fastcall
461   0000              	GLOBAL _w_vector_size
462   0000              	GLOBAL _w_vector_shrink_to_fit_fastcall
463   0000              	GLOBAL _w_vector_shrink_to_fit
464   0000              	GLOBAL _w_vector_resize_callee
465   0000              	GLOBAL _w_vector_resize
466   0000              	GLOBAL _w_vector_reserve_callee
467   0000              	GLOBAL _w_vector_reserve
468   0000              	GLOBAL _w_vector_push_back_callee
469   0000              	GLOBAL _w_vector_push_back
470   0000              	GLOBAL _w_vector_pop_back_fastcall
471   0000              	GLOBAL _w_vector_pop_back
472   0000              	GLOBAL _w_vector_max_size_fastcall
473   0000              	GLOBAL _w_vector_max_size
474   0000              	GLOBAL _w_vector_insert_n_callee
475   0000              	GLOBAL _w_vector_insert_n
476   0000              	GLOBAL _w_vector_insert_callee
477   0000              	GLOBAL _w_vector_insert
478   0000              	GLOBAL _w_vector_init_callee
479   0000              	GLOBAL _w_vector_init
480   0000              	GLOBAL _w_vector_front_fastcall
481   0000              	GLOBAL _w_vector_front
482   0000              	GLOBAL _w_vector_erase_range_callee
483   0000              	GLOBAL _w_vector_erase_range
484   0000              	GLOBAL _w_vector_erase_callee
485   0000              	GLOBAL _w_vector_erase
486   0000              	GLOBAL _w_vector_empty_fastcall
487   0000              	GLOBAL _w_vector_empty
488   0000              	GLOBAL _w_vector_destroy_fastcall
489   0000              	GLOBAL _w_vector_destroy
490   0000              	GLOBAL _w_vector_data_fastcall
491   0000              	GLOBAL _w_vector_data
492   0000              	GLOBAL _w_vector_clear_fastcall
493   0000              	GLOBAL _w_vector_clear
494   0000              	GLOBAL _w_vector_capacity_fastcall
495   0000              	GLOBAL _w_vector_capacity
496   0000              	GLOBAL _w_vector_back_fastcall
497   0000              	GLOBAL _w_vector_back
498   0000              	GLOBAL _w_vector_at_callee
499   0000              	GLOBAL _w_vector_at
500   0000              	GLOBAL _w_vector_append_n_callee
501   0000              	GLOBAL _w_vector_append_n
502   0000              	GLOBAL _w_vector_append_callee
503   0000              	GLOBAL _w_vector_append
504   0000              	GLOBAL _w_array_size_fastcall
505   0000              	GLOBAL _w_array_size
506   0000              	GLOBAL _w_array_resize_callee
507   0000              	GLOBAL _w_array_resize
508   0000              	GLOBAL _w_array_push_back_callee
509   0000              	GLOBAL _w_array_push_back
510   0000              	GLOBAL _w_array_pop_back_fastcall
511   0000              	GLOBAL _w_array_pop_back
512   0000              	GLOBAL _w_array_insert_n_callee
513   0000              	GLOBAL _w_array_insert_n
514   0000              	GLOBAL _w_array_insert_callee
515   0000              	GLOBAL _w_array_insert
516   0000              	GLOBAL _w_array_init_callee
517   0000              	GLOBAL _w_array_init
518   0000              	GLOBAL _w_array_front_fastcall
519   0000              	GLOBAL _w_array_front
520   0000              	GLOBAL _w_array_erase_range_callee
521   0000              	GLOBAL _w_array_erase_range
522   0000              	GLOBAL _w_array_erase_callee
523   0000              	GLOBAL _w_array_erase
524   0000              	GLOBAL _w_array_empty_fastcall
525   0000              	GLOBAL _w_array_empty
526   0000              	GLOBAL _w_array_destroy_fastcall
527   0000              	GLOBAL _w_array_destroy
528   0000              	GLOBAL _w_array_data_fastcall
529   0000              	GLOBAL _w_array_data
530   0000              	GLOBAL _w_array_clear_fastcall
531   0000              	GLOBAL _w_array_clear
532   0000              	GLOBAL _w_array_capacity_fastcall
533   0000              	GLOBAL _w_array_capacity
534   0000              	GLOBAL _w_array_back_fastcall
535   0000              	GLOBAL _w_array_back
536   0000              	GLOBAL _w_array_at_callee
537   0000              	GLOBAL _w_array_at
538   0000              	GLOBAL _w_array_append_n_callee
539   0000              	GLOBAL _w_array_append_n
540   0000              	GLOBAL _w_array_append_callee
541   0000              	GLOBAL _w_array_append
542   0000              	GLOBAL _p_stack_top_fastcall
543   0000              	GLOBAL _p_stack_top
544   0000              	GLOBAL _p_stack_size_fastcall
545   0000              	GLOBAL _p_stack_size
546   0000              	GLOBAL _p_stack_push_callee
547   0000              	GLOBAL _p_stack_push
548   0000              	GLOBAL _p_stack_pop_fastcall
549   0000              	GLOBAL _p_stack_pop
550   0000              	GLOBAL _p_stack_init_fastcall
551   0000              	GLOBAL _p_stack_init
552   0000              	GLOBAL _p_stack_empty_fastcall
553   0000              	GLOBAL _p_stack_empty
554   0000              	GLOBAL _p_stack_clear_fastcall
555   0000              	GLOBAL _p_stack_clear
556   0000              	GLOBAL _p_queue_size_fastcall
557   0000              	GLOBAL _p_queue_size
558   0000              	GLOBAL _p_queue_push_callee
559   0000              	GLOBAL _p_queue_push
560   0000              	GLOBAL _p_queue_pop_fastcall
561   0000              	GLOBAL _p_queue_pop
562   0000              	GLOBAL _p_queue_init_fastcall
563   0000              	GLOBAL _p_queue_init
564   0000              	GLOBAL _p_queue_front_fastcall
565   0000              	GLOBAL _p_queue_front
566   0000              	GLOBAL _p_queue_empty_fastcall
567   0000              	GLOBAL _p_queue_empty
568   0000              	GLOBAL _p_queue_clear_fastcall
569   0000              	GLOBAL _p_queue_clear
570   0000              	GLOBAL _p_queue_back_fastcall
571   0000              	GLOBAL _p_queue_back
572   0000              	GLOBAL _p_list_size_fastcall
573   0000              	GLOBAL _p_list_size
574   0000              	GLOBAL _p_list_remove_after_callee
575   0000              	GLOBAL _p_list_remove_after
576   0000              	GLOBAL _p_list_remove_callee
577   0000              	GLOBAL _p_list_remove
578   0000              	GLOBAL _p_list_push_front_callee
579   0000              	GLOBAL _p_list_push_front
580   0000              	GLOBAL _p_list_push_back_callee
581   0000              	GLOBAL _p_list_push_back
582   0000              	GLOBAL _p_list_prev_fastcall
583   0000              	GLOBAL _p_list_prev
584   0000              	GLOBAL _p_list_pop_front_fastcall
585   0000              	GLOBAL _p_list_pop_front
586   0000              	GLOBAL _p_list_pop_back_fastcall
587   0000              	GLOBAL _p_list_pop_back
588   0000              	GLOBAL _p_list_next_fastcall
589   0000              	GLOBAL _p_list_next
590   0000              	GLOBAL _p_list_insert_after_callee
591   0000              	GLOBAL _p_list_insert_after
592   0000              	GLOBAL _p_list_insert_callee
593   0000              	GLOBAL _p_list_insert
594   0000              	GLOBAL _p_list_init_fastcall
595   0000              	GLOBAL _p_list_init
596   0000              	GLOBAL _p_list_front_fastcall
597   0000              	GLOBAL _p_list_front
598   0000              	GLOBAL _p_list_empty_fastcall
599   0000              	GLOBAL _p_list_empty
600   0000              	GLOBAL _p_list_clear_fastcall
601   0000              	GLOBAL _p_list_clear
602   0000              	GLOBAL _p_list_back_fastcall
603   0000              	GLOBAL _p_list_back
604   0000              	GLOBAL _p_forward_list_alt_size_fastcall
605   0000              	GLOBAL _p_forward_list_alt_size
606   0000              	GLOBAL _p_forward_list_alt_remove_after_callee
607   0000              	GLOBAL _p_forward_list_alt_remove_after
608   0000              	GLOBAL _p_forward_list_alt_remove_callee
609   0000              	GLOBAL _p_forward_list_alt_remove
610   0000              	GLOBAL _p_forward_list_alt_push_front_callee
611   0000              	GLOBAL _p_forward_list_alt_push_front
612   0000              	GLOBAL _p_forward_list_alt_push_back_callee
613   0000              	GLOBAL _p_forward_list_alt_push_back
614   0000              	GLOBAL _p_forward_list_alt_prev_callee
615   0000              	GLOBAL _p_forward_list_alt_prev
616   0000              	GLOBAL _p_forward_list_alt_pop_front_fastcall
617   0000              	GLOBAL _p_forward_list_alt_pop_front
618   0000              	GLOBAL _p_forward_list_alt_pop_back_fastcall
619   0000              	GLOBAL _p_forward_list_alt_pop_back
620   0000              	GLOBAL _p_forward_list_alt_next_fastcall
621   0000              	GLOBAL _p_forward_list_alt_next
622   0000              	GLOBAL _p_forward_list_alt_insert_after_callee
623   0000              	GLOBAL _p_forward_list_alt_insert_after
624   0000              	GLOBAL _p_forward_list_alt_init_fastcall
625   0000              	GLOBAL _p_forward_list_alt_init
626   0000              	GLOBAL _p_forward_list_alt_front_fastcall
627   0000              	GLOBAL _p_forward_list_alt_front
628   0000              	GLOBAL _p_forward_list_alt_empty_fastcall
629   0000              	GLOBAL _p_forward_list_alt_empty
630   0000              	GLOBAL _p_forward_list_alt_clear_fastcall
631   0000              	GLOBAL _p_forward_list_alt_clear
632   0000              	GLOBAL _p_forward_list_alt_back_fastcall
633   0000              	GLOBAL _p_forward_list_alt_back
634   0000              	GLOBAL _p_forward_list_size_fastcall
635   0000              	GLOBAL _p_forward_list_size
636   0000              	GLOBAL _p_forward_list_remove_after_fastcall
637   0000              	GLOBAL _p_forward_list_remove_after
638   0000              	GLOBAL _p_forward_list_remove_callee
639   0000              	GLOBAL _p_forward_list_remove
640   0000              	GLOBAL _p_forward_list_push_front_callee
641   0000              	GLOBAL _p_forward_list_push_front
642   0000              	GLOBAL _p_forward_list_push_back_callee
643   0000              	GLOBAL _p_forward_list_push_back
644   0000              	GLOBAL _p_forward_list_prev_callee
645   0000              	GLOBAL _p_forward_list_prev
646   0000              	GLOBAL _p_forward_list_pop_front_fastcall
647   0000              	GLOBAL _p_forward_list_pop_front
648   0000              	GLOBAL _p_forward_list_pop_back_fastcall
649   0000              	GLOBAL _p_forward_list_pop_back
650   0000              	GLOBAL _p_forward_list_next_fastcall
651   0000              	GLOBAL _p_forward_list_next
652   0000              	GLOBAL _p_forward_list_insert_after_callee
653   0000              	GLOBAL _p_forward_list_insert_after
654   0000              	GLOBAL _p_forward_list_init_fastcall
655   0000              	GLOBAL _p_forward_list_init
656   0000              	GLOBAL _p_forward_list_front_fastcall
657   0000              	GLOBAL _p_forward_list_front
658   0000              	GLOBAL _p_forward_list_empty_fastcall
659   0000              	GLOBAL _p_forward_list_empty
660   0000              	GLOBAL _p_forward_list_clear_fastcall
661   0000              	GLOBAL _p_forward_list_clear
662   0000              	GLOBAL _p_forward_list_back_fastcall
663   0000              	GLOBAL _p_forward_list_back
664   0000              	GLOBAL _bv_stack_top_fastcall
665   0000              	GLOBAL _bv_stack_top
666   0000              	GLOBAL _bv_stack_size_fastcall
667   0000              	GLOBAL _bv_stack_size
668   0000              	GLOBAL _bv_stack_shrink_to_fit_fastcall
669   0000              	GLOBAL _bv_stack_shrink_to_fit
670   0000              	GLOBAL _bv_stack_reserve_callee
671   0000              	GLOBAL _bv_stack_reserve
672   0000              	GLOBAL _bv_stack_push_callee
673   0000              	GLOBAL _bv_stack_push
674   0000              	GLOBAL _bv_stack_pop_fastcall
675   0000              	GLOBAL _bv_stack_pop
676   0000              	GLOBAL _bv_stack_max_size_fastcall
677   0000              	GLOBAL _bv_stack_max_size
678   0000              	GLOBAL _bv_stack_init_callee
679   0000              	GLOBAL _bv_stack_init
680   0000              	GLOBAL _bv_stack_empty_fastcall
681   0000              	GLOBAL _bv_stack_empty
682   0000              	GLOBAL _bv_stack_destroy_fastcall
683   0000              	GLOBAL _bv_stack_destroy
684   0000              	GLOBAL _bv_stack_clear_fastcall
685   0000              	GLOBAL _bv_stack_clear
686   0000              	GLOBAL _bv_stack_capacity_fastcall
687   0000              	GLOBAL _bv_stack_capacity
688   0000              	GLOBAL _bv_priority_queue_top_fastcall
689   0000              	GLOBAL _bv_priority_queue_top
690   0000              	GLOBAL _bv_priority_queue_size_fastcall
691   0000              	GLOBAL _bv_priority_queue_size
692   0000              	GLOBAL _bv_priority_queue_shrink_to_fit_fastcall
693   0000              	GLOBAL _bv_priority_queue_shrink_to_fit
694   0000              	GLOBAL _bv_priority_queue_resize_callee
695   0000              	GLOBAL _bv_priority_queue_resize
696   0000              	GLOBAL _bv_priority_queue_reserve_callee
697   0000              	GLOBAL _bv_priority_queue_reserve
698   0000              	GLOBAL _bv_priority_queue_push_callee
699   0000              	GLOBAL _bv_priority_queue_push
700   0000              	GLOBAL _bv_priority_queue_pop_fastcall
701   0000              	GLOBAL _bv_priority_queue_pop
702   0000              	GLOBAL _bv_priority_queue_max_size_fastcall
703   0000              	GLOBAL _bv_priority_queue_max_size
704   0000              	GLOBAL _bv_priority_queue_init_callee
705   0000              	GLOBAL _bv_priority_queue_init
706   0000              	GLOBAL _bv_priority_queue_empty_fastcall
707   0000              	GLOBAL _bv_priority_queue_empty
708   0000              	GLOBAL _bv_priority_queue_destroy_fastcall
709   0000              	GLOBAL _bv_priority_queue_destroy
710   0000              	GLOBAL _bv_priority_queue_data_fastcall
711   0000              	GLOBAL _bv_priority_queue_data
712   0000              	GLOBAL _bv_priority_queue_clear_fastcall
713   0000              	GLOBAL _bv_priority_queue_clear
714   0000              	GLOBAL _bv_priority_queue_capacity_fastcall
715   0000              	GLOBAL _bv_priority_queue_capacity
716   0000              	GLOBAL _ba_stack_top_fastcall
717   0000              	GLOBAL _ba_stack_top
718   0000              	GLOBAL _ba_stack_size_fastcall
719   0000              	GLOBAL _ba_stack_size
720   0000              	GLOBAL _ba_stack_push_callee
721   0000              	GLOBAL _ba_stack_push
722   0000              	GLOBAL _ba_stack_pop_fastcall
723   0000              	GLOBAL _ba_stack_pop
724   0000              	GLOBAL _ba_stack_init_callee
725   0000              	GLOBAL _ba_stack_init
726   0000              	GLOBAL _ba_stack_empty_fastcall
727   0000              	GLOBAL _ba_stack_empty
728   0000              	GLOBAL _ba_stack_destroy_fastcall
729   0000              	GLOBAL _ba_stack_destroy
730   0000              	GLOBAL _ba_stack_clear_fastcall
731   0000              	GLOBAL _ba_stack_clear
732   0000              	GLOBAL _ba_stack_capacity_fastcall
733   0000              	GLOBAL _ba_stack_capacity
734   0000              	GLOBAL _ba_priority_queue_top_fastcall
735   0000              	GLOBAL _ba_priority_queue_top
736   0000              	GLOBAL _ba_priority_queue_size_fastcall
737   0000              	GLOBAL _ba_priority_queue_size
738   0000              	GLOBAL _ba_priority_queue_resize_callee
739   0000              	GLOBAL _ba_priority_queue_resize
740   0000              	GLOBAL _ba_priority_queue_push_callee
741   0000              	GLOBAL _ba_priority_queue_push
742   0000              	GLOBAL _ba_priority_queue_pop_fastcall
743   0000              	GLOBAL _ba_priority_queue_pop
744   0000              	GLOBAL _ba_priority_queue_init_callee
745   0000              	GLOBAL _ba_priority_queue_init
746   0000              	GLOBAL _ba_priority_queue_empty_fastcall
747   0000              	GLOBAL _ba_priority_queue_empty
748   0000              	GLOBAL _ba_priority_queue_destroy_fastcall
749   0000              	GLOBAL _ba_priority_queue_destroy
750   0000              	GLOBAL _ba_priority_queue_data_fastcall
751   0000              	GLOBAL _ba_priority_queue_data
752   0000              	GLOBAL _ba_priority_queue_clear_fastcall
753   0000              	GLOBAL _ba_priority_queue_clear
754   0000              	GLOBAL _ba_priority_queue_capacity_fastcall
755   0000              	GLOBAL _ba_priority_queue_capacity
756   0000              	GLOBAL _b_vector_write_block_callee
757   0000              	GLOBAL _b_vector_write_block
758   0000              	GLOBAL _b_vector_size_fastcall
759   0000              	GLOBAL _b_vector_size
760   0000              	GLOBAL _b_vector_shrink_to_fit_fastcall
761   0000              	GLOBAL _b_vector_shrink_to_fit
762   0000              	GLOBAL _b_vector_resize_callee
763   0000              	GLOBAL _b_vector_resize
764   0000              	GLOBAL _b_vector_reserve_callee
765   0000              	GLOBAL _b_vector_reserve
766   0000              	GLOBAL _b_vector_read_block_callee
767   0000              	GLOBAL _b_vector_read_block
768   0000              	GLOBAL _b_vector_push_back_callee
769   0000              	GLOBAL _b_vector_push_back
770   0000              	GLOBAL _b_vector_pop_back_fastcall
771   0000              	GLOBAL _b_vector_pop_back
772   0000              	GLOBAL _b_vector_max_size_fastcall
773   0000              	GLOBAL _b_vector_max_size
774   0000              	GLOBAL _b_vector_insert_n_callee
775   0000              	GLOBAL _b_vector_insert_n
776   0000              	GLOBAL _b_vector_insert_block_callee
777   0000              	GLOBAL _b_vector_insert_block
778   0000              	GLOBAL _b_vector_insert_callee
779   0000              	GLOBAL _b_vector_insert
780   0000              	GLOBAL _b_vector_init_callee
781   0000              	GLOBAL _b_vector_init
782   0000              	GLOBAL _b_vector_front_fastcall
783   0000              	GLOBAL _b_vector_front
784   0000              	GLOBAL _b_vector_erase_range_callee
785   0000              	GLOBAL _b_vector_erase_range
786   0000              	GLOBAL _b_vector_erase_block_callee
787   0000              	GLOBAL _b_vector_erase_block
788   0000              	GLOBAL _b_vector_erase_callee
789   0000              	GLOBAL _b_vector_erase
790   0000              	GLOBAL _b_vector_empty_fastcall
791   0000              	GLOBAL _b_vector_empty
792   0000              	GLOBAL _b_vector_destroy_fastcall
793   0000              	GLOBAL _b_vector_destroy
794   0000              	GLOBAL _b_vector_data_fastcall
795   0000              	GLOBAL _b_vector_data
796   0000              	GLOBAL _b_vector_clear_fastcall
797   0000              	GLOBAL _b_vector_clear
798   0000              	GLOBAL _b_vector_capacity_fastcall
799   0000              	GLOBAL _b_vector_capacity
800   0000              	GLOBAL _b_vector_back_fastcall
801   0000              	GLOBAL _b_vector_back
802   0000              	GLOBAL _b_vector_at_callee
803   0000              	GLOBAL _b_vector_at
804   0000              	GLOBAL _b_vector_append_n_callee
805   0000              	GLOBAL _b_vector_append_n
806   0000              	GLOBAL _b_vector_append_block_callee
807   0000              	GLOBAL _b_vector_append_block
808   0000              	GLOBAL _b_vector_append_callee
809   0000              	GLOBAL _b_vector_append
810   0000              	GLOBAL _b_array_write_block_callee
811   0000              	GLOBAL _b_array_write_block
812   0000              	GLOBAL _b_array_size_fastcall
813   0000              	GLOBAL _b_array_size
814   0000              	GLOBAL _b_array_resize_callee
815   0000              	GLOBAL _b_array_resize
816   0000              	GLOBAL _b_array_read_block_callee
817   0000              	GLOBAL _b_array_read_block
818   0000              	GLOBAL _b_array_push_back_callee
819   0000              	GLOBAL _b_array_push_back
820   0000              	GLOBAL _b_array_pop_back_fastcall
821   0000              	GLOBAL _b_array_pop_back
822   0000              	GLOBAL _b_array_insert_n_callee
823   0000              	GLOBAL _b_array_insert_n
824   0000              	GLOBAL _b_array_insert_block_callee
825   0000              	GLOBAL _b_array_insert_block
826   0000              	GLOBAL _b_array_insert_callee
827   0000              	GLOBAL _b_array_insert
828   0000              	GLOBAL _b_array_init_callee
829   0000              	GLOBAL _b_array_init
830   0000              	GLOBAL _b_array_front_fastcall
831   0000              	GLOBAL _b_array_front
832   0000              	GLOBAL _b_array_erase_range_callee
833   0000              	GLOBAL _b_array_erase_range
834   0000              	GLOBAL _b_array_erase_block_callee
835   0000              	GLOBAL _b_array_erase_block
836   0000              	GLOBAL _b_array_erase_callee
837   0000              	GLOBAL _b_array_erase
838   0000              	GLOBAL _b_array_empty_fastcall
839   0000              	GLOBAL _b_array_empty
840   0000              	GLOBAL _b_array_destroy_fastcall
841   0000              	GLOBAL _b_array_destroy
842   0000              	GLOBAL _b_array_data_fastcall
843   0000              	GLOBAL _b_array_data
844   0000              	GLOBAL _b_array_clear_fastcall
845   0000              	GLOBAL _b_array_clear
846   0000              	GLOBAL _b_array_capacity_fastcall
847   0000              	GLOBAL _b_array_capacity
848   0000              	GLOBAL _b_array_back_fastcall
849   0000              	GLOBAL _b_array_back
850   0000              	GLOBAL _b_array_at_callee
851   0000              	GLOBAL _b_array_at
852   0000              	GLOBAL _b_array_append_n_callee
853   0000              	GLOBAL _b_array_append_n
854   0000              	GLOBAL _b_array_append_block_callee
855   0000              	GLOBAL _b_array_append_block
856   0000              	GLOBAL _b_array_append_callee
857   0000              	GLOBAL _b_array_append
858   0000              ;--------------------------------------------------------
859   0000              ; special function registers
860   0000              ;--------------------------------------------------------
861   0000              defc _CNTLA0	=	0x00c0
862   0000              defc _CNTLA1	=	0x00c1
863   0000              defc _CNTLB0	=	0x00c2
864   0000              defc _CNTLB1	=	0x00c3
865   0000              defc _STAT0	=	0x00c4
866   0000              defc _STAT1	=	0x00c5
867   0000              defc _TDR0	=	0x00c6
868   0000              defc _TDR1	=	0x00c7
869   0000              defc _RDR0	=	0x00c8
870   0000              defc _RDR1	=	0x00c9
871   0000              defc _ASEXT0	=	0x00d2
872   0000              defc _ASEXT1	=	0x00d3
873   0000              defc _ASTC0L	=	0x00da
874   0000              defc _ASTC0H	=	0x00db
875   0000              defc _ASTC1L	=	0x00dc
876   0000              defc _ASTC1H	=	0x00dd
877   0000              defc _CNTR	=	0x00ca
878   0000              defc _TRDR	=	0x00cb
879   0000              defc _TMDR0L	=	0x00cc
880   0000              defc _TMDR0H	=	0x00cd
881   0000              defc _RLDR0L	=	0x00ce
882   0000              defc _RLDR0H	=	0x00cf
883   0000              defc _TCR	=	0x00d0
884   0000              defc _TMDR1L	=	0x00d4
885   0000              defc _TMDR1H	=	0x00d5
886   0000              defc _RLDR1L	=	0x00d6
887   0000              defc _RLDR1H	=	0x00d7
888   0000              defc _FRC	=	0x00d8
889   0000              defc _CMR	=	0x00de
890   0000              defc _CCR	=	0x00df
891   0000              defc _SAR0L	=	0x00e0
892   0000              defc _SAR0H	=	0x00e1
893   0000              defc _SAR0B	=	0x00e2
894   0000              defc _DAR0L	=	0x00e3
895   0000              defc _DAR0H	=	0x00e4
896   0000              defc _DAR0B	=	0x00e5
897   0000              defc _BCR0L	=	0x00e6
898   0000              defc _BCR0H	=	0x00e7
899   0000              defc _MAR1L	=	0x00e8
900   0000              defc _MAR1H	=	0x00e9
901   0000              defc _MAR1B	=	0x00ea
902   0000              defc _IAR1L	=	0x00eb
903   0000              defc _IAR1H	=	0x00ec
904   0000              defc _IAR1B	=	0x00ed
905   0000              defc _BCR1L	=	0x00ee
906   0000              defc _BCR1H	=	0x00ef
907   0000              defc _DSTAT	=	0x00f0
908   0000              defc _DMODE	=	0x00f1
909   0000              defc _DCNTL	=	0x00f2
910   0000              defc _IL	=	0x00f3
911   0000              defc _ITC	=	0x00f4
912   0000              defc _RCR	=	0x00f6
913   0000              defc _CBR	=	0x00f8
914   0000              defc _BBR	=	0x00f9
915   0000              defc _CBAR	=	0x00fa
916   0000              defc _OMCR	=	0x00fe
917   0000              defc _ICR	=	0x003f
918   0000              ;--------------------------------------------------------
919   0000              ; ram data
920   0000              ;--------------------------------------------------------
921   0000              	SECTION bss_compiler
922   0000              _proc_list:
923   0000  00 00 00 00 	DEFS 4
924   0004              ;--------------------------------------------------------
925   0004              ; ram data
926   0004              ;--------------------------------------------------------
927   0004              
928   0004              IF 0
929   0004              
930   0004              ; .area _INITIALIZED removed by z88dk
931   0004              
932   0004              _current_proc:
933   0004              	DEFS 2
934   0004              _next_pid:
935   0004              	DEFS 2
936   0004              
937   0004              ENDIF
938   0004              
939   0004              ;--------------------------------------------------------
940   0004              ; absolute external ram data
941   0004              ;--------------------------------------------------------
942   0004              	SECTION IGNORE
943   0000              ;--------------------------------------------------------
944   0000              ; global & static initialisations
945   0000              ;--------------------------------------------------------
946   0000              	SECTION code_crt_init
947   0000              ;--------------------------------------------------------
948   0000              ; Home
949   0000              ;--------------------------------------------------------
950   0000              	SECTION IGNORE
951   0000              ;--------------------------------------------------------
952   0000              ; code
953   0000              ;--------------------------------------------------------
954   0000              	SECTION code_compiler
955   0000              ;	---------------------------------
956   0000              ; Function process_init
957   0000              ; ---------------------------------
958   0000              _process_init:
959   0000  21 00 00    	ld	hl,_proc_list
960   0003  C3 00 00    	jp  _p_list_init_fastcall
961   0006              	SECTION code_compiler
962   0006              ;	---------------------------------
963   0006              ; Function process_new
964   0006              ; ---------------------------------
965   0006              _process_new:
966   0006  DD E5       	push	ix
967   0008  DD 21 00 00 	ld	ix,0
968   000C  DD 39       	add	ix,sp
969   000E  3B          	dec	sp
970   000F  3B          	dec	sp
971   0010  3B          	dec	sp
972   0011  21 09 00    	ld	hl,0x0009
973   0014  CD 00 00    	call	_malloc_fastcall
974   0017  7C          	ld	a,h
975   0018  B5          	or	a,l
976   0019  4D          	ld	c,l
977   001A  44          	ld	b,h
978   001B  20 05       	jr	NZ,l_process_new_00102
979   001D  21 00 00    	ld	hl,0x0000
980   0020  18 3B       	jr	l_process_new_00103
981   0022              l_process_new_00102:
982   0022  CD 00 00    	call	_z180_get_int_state
983   0025  DD 75 FD    	ld	(ix-3),l
984   0028  2E 00       	ld	l,0x00
985   002A  CD 00 00    	call	_z180_set_int_state_fastcall
986   002D  21 04 00    	ld	hl,0x0004
987   0030  09          	add	hl, bc
988   0031  DD 75 FE    	ld	(ix-2),l
989   0034  DD 74 FF    	ld	(ix-1),h
990   0037  ED 5B 02 00 	ld	de, (_next_pid)
991   003B  21 01 00    	ld	hl,0x0001
992   003E  19          	add	hl, de
993   003F  22 02 00    	ld	(_next_pid), hl
994   0042  DD 6E FE    	ld	l,(ix-2)
995   0045  DD 66 FF    	ld	h,(ix-1)
996   0048  73          	ld	(hl), e
997   0049  23          	inc	hl
998   004A  72          	ld	(hl), d
999   004B  C5          	push	bc
1000  004C  C5          	push	bc
1001  004D  21 00 00    	ld	hl,_proc_list
1002  0050  E5          	push	hl
1003  0051  CD 00 00    	call	_p_list_push_back_callee
1004  0054  C1          	pop	bc
1005  0055  DD 6E FD    	ld	l,(ix-3)
1006  0058  CD 00 00    	call	_z180_set_int_state_fastcall
1007  005B  69          	ld	l, c
1008  005C  60          	ld	h, b
1009  005D              l_process_new_00103:
1010  005D  DD F9       	ld	sp, ix
1011  005F  DD E1       	pop	ix
1012  0061  C9          	ret
1013  0062              	SECTION data_compiler
1014  0000              _current_proc:
1015  0000  00 00       	DEFW +0x0000
1016  0002              _next_pid:
1017  0002  00 00       	DEFW +0x0000
1018  0004              	SECTION IGNORE
1019  0000              
